{"uid":"2ce387ce3e0e4967","name":"Проверка исправления результатов поиска. Поиск по слову Бопинки должен содержать результат с тестом Ботинки","fullName":"sanity.SearchResults.checkingTheCorrectionOfSearchResults","historyId":"9b7af6470c3b45d4aea29dfd0786e945","time":{"start":1690191876135,"stop":1690191914883,"duration":38748},"description":"","status":"failed","statusMessage":"Element not found {#site-search-input}\nExpected: visible\nScreenshot: file:/home/runner/work/Shopping/Shopping/build/reports/tests/1690191913073.7.png\nPage source: file:/home/runner/work/Shopping/Shopping/build/reports/tests/1690191913073.7.html\nTimeout: 30 s.\nCaused by: NoSuchElementException: no such element: Unable to locate element: {\"method\":\"css selector\",\"selector\":\"#site-search-input\"}","statusTrace":"Element not found {#site-search-input}\nExpected: visible\nScreenshot: file:/home/runner/work/Shopping/Shopping/build/reports/tests/1690191913073.7.png\nPage source: file:/home/runner/work/Shopping/Shopping/build/reports/tests/1690191913073.7.html\nTimeout: 30 s.\nCaused by: NoSuchElementException: no such element: Unable to locate element: {\"method\":\"css selector\",\"selector\":\"#site-search-input\"}\n\tat com.codeborne.selenide.impl.WebElementSource.createElementNotFoundError(WebElementSource.java:91)\n\tat com.codeborne.selenide.impl.ElementFinder.createElementNotFoundError(ElementFinder.java:142)\n\tat com.codeborne.selenide.impl.WebElementSource.handleError(WebElementSource.java:143)\n\tat com.codeborne.selenide.impl.WebElementSource.checkConditionAndReturnElement(WebElementSource.java:127)\n\tat com.codeborne.selenide.impl.WebElementSource.checkCondition(WebElementSource.java:104)\n\tat com.codeborne.selenide.commands.Should.execute(Should.java:30)\n\tat com.codeborne.selenide.commands.Should.execute(Should.java:14)\n\tat com.codeborne.selenide.commands.Commands.execute(Commands.java:162)\n\tat com.codeborne.selenide.impl.SelenideElementProxy.dispatchAndRetry(SelenideElementProxy.java:132)\n\tat com.codeborne.selenide.impl.SelenideElementProxy.invoke(SelenideElementProxy.java:84)\n\tat jdk.proxy3/jdk.proxy3.$Proxy32.shouldBe(Unknown Source)\n\tat pages.SearchPages.inputWord(SearchPages.java:26)\n\tat sanity.SearchResults.checkingTheCorrectionOfSearchResults(SearchResults.java:32)\n\tat java.base/jdk.internal.reflect.NativeMethodAccessorImpl.invoke0(Native Method)\n\tat java.base/jdk.internal.reflect.NativeMethodAccessorImpl.invoke(NativeMethodAccessorImpl.java:77)\n\tat java.base/jdk.internal.reflect.DelegatingMethodAccessorImpl.invoke(DelegatingMethodAccessorImpl.java:43)\n\tat java.base/java.lang.reflect.Method.invoke(Method.java:568)\n\tat org.junit.platform.commons.util.ReflectionUtils.invokeMethod(ReflectionUtils.java:727)\n\tat org.junit.jupiter.engine.execution.MethodInvocation.proceed(MethodInvocation.java:60)\n\tat org.junit.jupiter.engine.execution.InvocationInterceptorChain$ValidatingInvocation.proceed(InvocationInterceptorChain.java:131)\n\tat io.qameta.allure.junit5.AllureJunit5.interceptTestTemplateMethod(AllureJunit5.java:59)\n\tat org.junit.jupiter.engine.execution.InterceptingExecutableInvoker$ReflectiveInterceptorCall.lambda$ofVoidMethod$0(InterceptingExecutableInvoker.java:103)\n\tat org.junit.jupiter.engine.execution.InterceptingExecutableInvoker.lambda$invoke$0(InterceptingExecutableInvoker.java:93)\n\tat org.junit.jupiter.engine.execution.InvocationInterceptorChain$InterceptedInvocation.proceed(InvocationInterceptorChain.java:106)\n\tat org.junit.jupiter.engine.extension.TimeoutExtension.intercept(TimeoutExtension.java:156)\n\tat org.junit.jupiter.engine.extension.TimeoutExtension.interceptTestableMethod(TimeoutExtension.java:147)\n\tat org.junit.jupiter.engine.extension.TimeoutExtension.interceptTestTemplateMethod(TimeoutExtension.java:94)\n\tat org.junit.jupiter.engine.execution.InterceptingExecutableInvoker$ReflectiveInterceptorCall.lambda$ofVoidMethod$0(InterceptingExecutableInvoker.java:103)\n\tat org.junit.jupiter.engine.execution.InterceptingExecutableInvoker.lambda$invoke$0(InterceptingExecutableInvoker.java:93)\n\tat org.junit.jupiter.engine.execution.InvocationInterceptorChain$InterceptedInvocation.proceed(InvocationInterceptorChain.java:106)\n\tat org.junit.jupiter.engine.execution.InvocationInterceptorChain.proceed(InvocationInterceptorChain.java:64)\n\tat org.junit.jupiter.engine.execution.InvocationInterceptorChain.chainAndInvoke(InvocationInterceptorChain.java:45)\n\tat org.junit.jupiter.engine.execution.InvocationInterceptorChain.invoke(InvocationInterceptorChain.java:37)\n\tat org.junit.jupiter.engine.execution.InterceptingExecutableInvoker.invoke(InterceptingExecutableInvoker.java:92)\n\tat org.junit.jupiter.engine.execution.InterceptingExecutableInvoker.invoke(InterceptingExecutableInvoker.java:86)\n\tat org.junit.jupiter.engine.descriptor.TestMethodTestDescriptor.lambda$invokeTestMethod$7(TestMethodTestDescriptor.java:217)\n\tat org.junit.platform.engine.support.hierarchical.ThrowableCollector.execute(ThrowableCollector.java:73)\n\tat org.junit.jupiter.engine.descriptor.TestMethodTestDescriptor.invokeTestMethod(TestMethodTestDescriptor.java:213)\n\tat org.junit.jupiter.engine.descriptor.TestMethodTestDescriptor.execute(TestMethodTestDescriptor.java:138)\n\tat org.junit.jupiter.engine.descriptor.TestMethodTestDescriptor.execute(TestMethodTestDescriptor.java:68)\n\tat org.junit.platform.engine.support.hierarchical.NodeTestTask.lambda$executeRecursively$6(NodeTestTask.java:151)\n\tat org.junit.platform.engine.support.hierarchical.ThrowableCollector.execute(ThrowableCollector.java:73)\n\tat org.junit.platform.engine.support.hierarchical.NodeTestTask.lambda$executeRecursively$8(NodeTestTask.java:141)\n\tat org.junit.platform.engine.support.hierarchical.Node.around(Node.java:137)\n\tat org.junit.platform.engine.support.hierarchical.NodeTestTask.lambda$executeRecursively$9(NodeTestTask.java:139)\n\tat org.junit.platform.engine.support.hierarchical.ThrowableCollector.execute(ThrowableCollector.java:73)\n\tat org.junit.platform.engine.support.hierarchical.NodeTestTask.executeRecursively(NodeTestTask.java:138)\n\tat org.junit.platform.engine.support.hierarchical.NodeTestTask.execute(NodeTestTask.java:95)\n\tat org.junit.platform.engine.support.hierarchical.SameThreadHierarchicalTestExecutorService.submit(SameThreadHierarchicalTestExecutorService.java:35)\n\tat org.junit.platform.engine.support.hierarchical.NodeTestTask$DefaultDynamicTestExecutor.execute(NodeTestTask.java:226)\n\tat org.junit.platform.engine.support.hierarchical.NodeTestTask$DefaultDynamicTestExecutor.execute(NodeTestTask.java:204)\n\tat org.junit.jupiter.engine.descriptor.TestTemplateTestDescriptor.execute(TestTemplateTestDescriptor.java:142)\n\tat org.junit.jupiter.engine.descriptor.TestTemplateTestDescriptor.lambda$execute$2(TestTemplateTestDescriptor.java:110)\n\tat java.base/java.util.stream.ForEachOps$ForEachOp$OfRef.accept(ForEachOps.java:183)\n\tat java.base/java.util.stream.ReferencePipeline$3$1.accept(ReferencePipeline.java:197)\n\tat java.base/java.util.stream.ReferencePipeline$2$1.accept(ReferencePipeline.java:179)\n\tat java.base/java.util.stream.ReferencePipeline$3$1.accept(ReferencePipeline.java:197)\n\tat java.base/java.util.stream.ForEachOps$ForEachOp$OfRef.accept(ForEachOps.java:183)\n\tat java.base/java.util.stream.ReferencePipeline$3$1.accept(ReferencePipeline.java:197)\n\tat java.base/java.util.stream.ReferencePipeline$3$1.accept(ReferencePipeline.java:197)\n\tat java.base/java.util.stream.ReferencePipeline$3$1.accept(ReferencePipeline.java:197)\n\tat java.base/java.util.stream.ForEachOps$ForEachOp$OfRef.accept(ForEachOps.java:183)\n\tat java.base/java.util.Iterator.forEachRemaining(Iterator.java:133)\n\tat java.base/java.util.Spliterators$IteratorSpliterator.forEachRemaining(Spliterators.java:1845)\n\tat java.base/java.util.stream.ReferencePipeline$Head.forEach(ReferencePipeline.java:762)\n\tat java.base/java.util.stream.ReferencePipeline$7$1.accept(ReferencePipeline.java:276)\n\tat java.base/java.util.stream.ReferencePipeline$3$1.accept(ReferencePipeline.java:197)\n\tat java.base/java.util.stream.ReferencePipeline$3$1.accept(ReferencePipeline.java:197)\n\tat java.base/java.util.ArrayList$ArrayListSpliterator.forEachRemaining(ArrayList.java:1625)\n\tat java.base/java.util.stream.AbstractPipeline.copyInto(AbstractPipeline.java:509)\n\tat java.base/java.util.stream.AbstractPipeline.wrapAndCopyInto(AbstractPipeline.java:499)\n\tat java.base/java.util.stream.ForEachOps$ForEachOp.evaluateSequential(ForEachOps.java:150)\n\tat java.base/java.util.stream.ForEachOps$ForEachOp$OfRef.evaluateSequential(ForEachOps.java:173)\n\tat java.base/java.util.stream.AbstractPipeline.evaluate(AbstractPipeline.java:234)\n\tat java.base/java.util.stream.ReferencePipeline.forEach(ReferencePipeline.java:596)\n\tat java.base/java.util.stream.ReferencePipeline$7$1.accept(ReferencePipeline.java:276)\n\tat java.base/java.util.stream.ReferencePipeline$3$1.accept(ReferencePipeline.java:197)\n\tat java.base/java.util.stream.ReferencePipeline$3$1.accept(ReferencePipeline.java:197)\n\tat java.base/java.util.stream.ReferencePipeline$3$1.accept(ReferencePipeline.java:197)\n\tat java.base/java.util.ArrayList$ArrayListSpliterator.forEachRemaining(ArrayList.java:1625)\n\tat java.base/java.util.stream.AbstractPipeline.copyInto(AbstractPipeline.java:509)\n\tat java.base/java.util.stream.AbstractPipeline.wrapAndCopyInto(AbstractPipeline.java:499)\n\tat java.base/java.util.stream.ForEachOps$ForEachOp.evaluateSequential(ForEachOps.java:150)\n\tat java.base/java.util.stream.ForEachOps$ForEachOp$OfRef.evaluateSequential(ForEachOps.java:173)\n\tat java.base/java.util.stream.AbstractPipeline.evaluate(AbstractPipeline.java:234)\n\tat java.base/java.util.stream.ReferencePipeline.forEach(ReferencePipeline.java:596)\n\tat java.base/java.util.stream.ReferencePipeline$7$1.accept(ReferencePipeline.java:276)\n\tat java.base/java.util.ArrayList$ArrayListSpliterator.forEachRemaining(ArrayList.java:1625)\n\tat java.base/java.util.stream.AbstractPipeline.copyInto(AbstractPipeline.java:509)\n\tat java.base/java.util.stream.AbstractPipeline.wrapAndCopyInto(AbstractPipeline.java:499)\n\tat java.base/java.util.stream.ForEachOps$ForEachOp.evaluateSequential(ForEachOps.java:150)\n\tat java.base/java.util.stream.ForEachOps$ForEachOp$OfRef.evaluateSequential(ForEachOps.java:173)\n\tat java.base/java.util.stream.AbstractPipeline.evaluate(AbstractPipeline.java:234)\n\tat java.base/java.util.stream.ReferencePipeline.forEach(ReferencePipeline.java:596)\n\tat org.junit.jupiter.engine.descriptor.TestTemplateTestDescriptor.execute(TestTemplateTestDescriptor.java:110)\n\tat org.junit.jupiter.engine.descriptor.TestTemplateTestDescriptor.execute(TestTemplateTestDescriptor.java:44)\n\tat org.junit.platform.engine.support.hierarchical.NodeTestTask.lambda$executeRecursively$6(NodeTestTask.java:151)\n\tat org.junit.platform.engine.support.hierarchical.ThrowableCollector.execute(ThrowableCollector.java:73)\n\tat org.junit.platform.engine.support.hierarchical.NodeTestTask.lambda$executeRecursively$8(NodeTestTask.java:141)\n\tat org.junit.platform.engine.support.hierarchical.Node.around(Node.java:137)\n\tat org.junit.platform.engine.support.hierarchical.NodeTestTask.lambda$executeRecursively$9(NodeTestTask.java:139)\n\tat org.junit.platform.engine.support.hierarchical.ThrowableCollector.execute(ThrowableCollector.java:73)\n\tat org.junit.platform.engine.support.hierarchical.NodeTestTask.executeRecursively(NodeTestTask.java:138)\n\tat org.junit.platform.engine.support.hierarchical.NodeTestTask.execute(NodeTestTask.java:95)\n\tat java.base/java.util.ArrayList.forEach(ArrayList.java:1511)\n\tat org.junit.platform.engine.support.hierarchical.SameThreadHierarchicalTestExecutorService.invokeAll(SameThreadHierarchicalTestExecutorService.java:41)\n\tat org.junit.platform.engine.support.hierarchical.NodeTestTask.lambda$executeRecursively$6(NodeTestTask.java:155)\n\tat org.junit.platform.engine.support.hierarchical.ThrowableCollector.execute(ThrowableCollector.java:73)\n\tat org.junit.platform.engine.support.hierarchical.NodeTestTask.lambda$executeRecursively$8(NodeTestTask.java:141)\n\tat org.junit.platform.engine.support.hierarchical.Node.around(Node.java:137)\n\tat org.junit.platform.engine.support.hierarchical.NodeTestTask.lambda$executeRecursively$9(NodeTestTask.java:139)\n\tat org.junit.platform.engine.support.hierarchical.ThrowableCollector.execute(ThrowableCollector.java:73)\n\tat org.junit.platform.engine.support.hierarchical.NodeTestTask.executeRecursively(NodeTestTask.java:138)\n\tat org.junit.platform.engine.support.hierarchical.NodeTestTask.execute(NodeTestTask.java:95)\n\tat java.base/java.util.ArrayList.forEach(ArrayList.java:1511)\n\tat org.junit.platform.engine.support.hierarchical.SameThreadHierarchicalTestExecutorService.invokeAll(SameThreadHierarchicalTestExecutorService.java:41)\n\tat org.junit.platform.engine.support.hierarchical.NodeTestTask.lambda$executeRecursively$6(NodeTestTask.java:155)\n\tat org.junit.platform.engine.support.hierarchical.ThrowableCollector.execute(ThrowableCollector.java:73)\n\tat org.junit.platform.engine.support.hierarchical.NodeTestTask.lambda$executeRecursively$8(NodeTestTask.java:141)\n\tat org.junit.platform.engine.support.hierarchical.Node.around(Node.java:137)\n\tat org.junit.platform.engine.support.hierarchical.NodeTestTask.lambda$executeRecursively$9(NodeTestTask.java:139)\n\tat org.junit.platform.engine.support.hierarchical.ThrowableCollector.execute(ThrowableCollector.java:73)\n\tat org.junit.platform.engine.support.hierarchical.NodeTestTask.executeRecursively(NodeTestTask.java:138)\n\tat org.junit.platform.engine.support.hierarchical.NodeTestTask.execute(NodeTestTask.java:95)\n\tat org.junit.platform.engine.support.hierarchical.SameThreadHierarchicalTestExecutorService.submit(SameThreadHierarchicalTestExecutorService.java:35)\n\tat org.junit.platform.engine.support.hierarchical.HierarchicalTestExecutor.execute(HierarchicalTestExecutor.java:57)\n\tat org.junit.platform.engine.support.hierarchical.HierarchicalTestEngine.execute(HierarchicalTestEngine.java:54)\n\tat org.junit.platform.launcher.core.EngineExecutionOrchestrator.execute(EngineExecutionOrchestrator.java:147)\n\tat org.junit.platform.launcher.core.EngineExecutionOrchestrator.execute(EngineExecutionOrchestrator.java:127)\n\tat org.junit.platform.launcher.core.EngineExecutionOrchestrator.execute(EngineExecutionOrchestrator.java:90)\n\tat org.junit.platform.launcher.core.EngineExecutionOrchestrator.lambda$execute$0(EngineExecutionOrchestrator.java:55)\n\tat org.junit.platform.launcher.core.EngineExecutionOrchestrator.withInterceptedStreams(EngineExecutionOrchestrator.java:102)\n\tat org.junit.platform.launcher.core.EngineExecutionOrchestrator.execute(EngineExecutionOrchestrator.java:54)\n\tat org.junit.platform.launcher.core.DefaultLauncher.execute(DefaultLauncher.java:114)\n\tat org.junit.platform.launcher.core.DefaultLauncher.execute(DefaultLauncher.java:86)\n\tat org.junit.platform.launcher.core.DefaultLauncherSession$DelegatingLauncher.execute(DefaultLauncherSession.java:86)\n\tat org.junit.platform.launcher.core.SessionPerRequestLauncher.execute(SessionPerRequestLauncher.java:53)\n\tat org.gradle.api.internal.tasks.testing.junitplatform.JUnitPlatformTestClassProcessor$CollectAllTestClassesExecutor.processAllTestClasses(JUnitPlatformTestClassProcessor.java:99)\n\tat org.gradle.api.internal.tasks.testing.junitplatform.JUnitPlatformTestClassProcessor$CollectAllTestClassesExecutor.access$000(JUnitPlatformTestClassProcessor.java:79)\n\tat org.gradle.api.internal.tasks.testing.junitplatform.JUnitPlatformTestClassProcessor.stop(JUnitPlatformTestClassProcessor.java:75)\n\tat org.gradle.api.internal.tasks.testing.SuiteTestClassProcessor.stop(SuiteTestClassProcessor.java:62)\n\tat java.base/jdk.internal.reflect.NativeMethodAccessorImpl.invoke0(Native Method)\n\tat java.base/jdk.internal.reflect.NativeMethodAccessorImpl.invoke(NativeMethodAccessorImpl.java:77)\n\tat java.base/jdk.internal.reflect.DelegatingMethodAccessorImpl.invoke(DelegatingMethodAccessorImpl.java:43)\n\tat java.base/java.lang.reflect.Method.invoke(Method.java:568)\n\tat org.gradle.internal.dispatch.ReflectionDispatch.dispatch(ReflectionDispatch.java:36)\n\tat org.gradle.internal.dispatch.ReflectionDispatch.dispatch(ReflectionDispatch.java:24)\n\tat org.gradle.internal.dispatch.ContextClassLoaderDispatch.dispatch(ContextClassLoaderDispatch.java:33)\n\tat org.gradle.internal.dispatch.ProxyDispatchAdapter$DispatchingInvocationHandler.invoke(ProxyDispatchAdapter.java:94)\n\tat jdk.proxy1/jdk.proxy1.$Proxy2.stop(Unknown Source)\n\tat org.gradle.api.internal.tasks.testing.worker.TestWorker$3.run(TestWorker.java:193)\n\tat org.gradle.api.internal.tasks.testing.worker.TestWorker.executeAndMaintainThreadName(TestWorker.java:129)\n\tat org.gradle.api.internal.tasks.testing.worker.TestWorker.execute(TestWorker.java:100)\n\tat org.gradle.api.internal.tasks.testing.worker.TestWorker.execute(TestWorker.java:60)\n\tat org.gradle.process.internal.worker.child.ActionExecutionWorker.execute(ActionExecutionWorker.java:56)\n\tat org.gradle.process.internal.worker.child.SystemApplicationClassLoaderWorker.call(SystemApplicationClassLoaderWorker.java:113)\n\tat org.gradle.process.internal.worker.child.SystemApplicationClassLoaderWorker.call(SystemApplicationClassLoaderWorker.java:65)\n\tat worker.org.gradle.process.internal.worker.GradleWorkerMain.run(GradleWorkerMain.java:69)\n\tat worker.org.gradle.process.internal.worker.GradleWorkerMain.main(GradleWorkerMain.java:74)\nCaused by: org.openqa.selenium.NoSuchElementException: no such element: Unable to locate element: {\"method\":\"css selector\",\"selector\":\"#site-search-input\"}\n  (Session info: chrome=100.0.4896.60)\nFor documentation on this error, please visit: https://www.selenium.dev/documentation/webdriver/troubleshooting/errors#no-such-element-exception\nBuild info: version: '4.10.0', revision: 'c14d967899'\nSystem info: os.name: 'Linux', os.arch: 'amd64', os.version: '5.15.0-1041-azure', java.version: '17.0.8'\nDriver info: org.openqa.selenium.remote.RemoteWebDriver\nCommand: [5cddcc02a25f95381d09b87da15cd021, findElement {using=css selector, value=#site-search-input}]\nCapabilities {acceptInsecureCerts: true, browserName: chrome, browserVersion: 100.0.4896.60, chrome: {chromedriverVersion: 100.0.4896.20 (f9d71f93d32a..., userDataDir: /tmp/.com.google.Chrome.FvfDOS}, goog:chromeOptions: {debuggerAddress: localhost:42995}, networkConnectionEnabled: false, pageLoadStrategy: eager, platformName: linux, proxy: Proxy(), setWindowRect: true, strictFileInteractability: false, timeouts: {implicit: 0, pageLoad: 300000, script: 30000}, unhandledPromptBehavior: accept, webauthn:extension:credBlob: true, webauthn:extension:largeBlob: true, webauthn:virtualAuthenticators: true}\nSession ID: 5cddcc02a25f95381d09b87da15cd021\n\tat jdk.internal.reflect.GeneratedConstructorAccessor12.newInstance(Unknown Source)\n\tat java.base/jdk.internal.reflect.DelegatingConstructorAccessorImpl.newInstance(DelegatingConstructorAccessorImpl.java:45)\n\tat java.base/java.lang.reflect.Constructor.newInstanceWithCaller(Constructor.java:499)\n\tat java.base/java.lang.reflect.Constructor.newInstance(Constructor.java:480)\n\tat org.openqa.selenium.remote.codec.w3c.W3CHttpResponseCodec.createException(W3CHttpResponseCodec.java:199)\n\tat org.openqa.selenium.remote.codec.w3c.W3CHttpResponseCodec.decode(W3CHttpResponseCodec.java:132)\n\tat org.openqa.selenium.remote.codec.w3c.W3CHttpResponseCodec.decode(W3CHttpResponseCodec.java:51)\n\tat org.openqa.selenium.remote.HttpCommandExecutor.execute(HttpCommandExecutor.java:191)\n\tat org.openqa.selenium.remote.RemoteWebDriver.execute(RemoteWebDriver.java:531)\n\tat org.openqa.selenium.remote.ElementLocation$ElementFinder$2.findElement(ElementLocation.java:165)\n\tat org.openqa.selenium.remote.ElementLocation.findElement(ElementLocation.java:59)\n\tat org.openqa.selenium.remote.RemoteWebDriver.findElement(RemoteWebDriver.java:350)\n\tat org.openqa.selenium.remote.RemoteWebDriver.findElement(RemoteWebDriver.java:344)\n\tat com.codeborne.selenide.impl.WebElementSelector.findElement(WebElementSelector.java:70)\n\tat com.codeborne.selenide.impl.WebElementSelector.findElement(WebElementSelector.java:44)\n\tat com.codeborne.selenide.impl.WebElementSelector.findElement(WebElementSelector.java:33)\n\tat com.codeborne.selenide.impl.ElementFinder.getWebElement(ElementFinder.java:122)\n\tat com.codeborne.selenide.impl.WebElementSource.checkConditionAndReturnElement(WebElementSource.java:116)\n\t... 155 more\n","flaky":true,"newFailed":false,"newBroken":false,"newPassed":false,"retriesCount":0,"retriesStatusChange":false,"beforeStages":[{"name":"config","time":{"start":1690191799142,"stop":1690191799142,"duration":0},"status":"passed","steps":[],"attachments":[],"parameters":[],"stepsCount":0,"attachmentsCount":0,"shouldDisplayMessage":false,"hasContent":false},{"name":"addListener","time":{"start":1690191876136,"stop":1690191876140,"duration":4},"status":"passed","steps":[],"attachments":[],"parameters":[],"stepsCount":0,"attachmentsCount":0,"shouldDisplayMessage":false,"hasContent":false}],"testStage":{"description":"","status":"failed","statusMessage":"Element not found {#site-search-input}\nExpected: visible\nScreenshot: file:/home/runner/work/Shopping/Shopping/build/reports/tests/1690191913073.7.png\nPage source: file:/home/runner/work/Shopping/Shopping/build/reports/tests/1690191913073.7.html\nTimeout: 30 s.\nCaused by: NoSuchElementException: no such element: Unable to locate element: {\"method\":\"css selector\",\"selector\":\"#site-search-input\"}","statusTrace":"Element not found {#site-search-input}\nExpected: visible\nScreenshot: file:/home/runner/work/Shopping/Shopping/build/reports/tests/1690191913073.7.png\nPage source: file:/home/runner/work/Shopping/Shopping/build/reports/tests/1690191913073.7.html\nTimeout: 30 s.\nCaused by: NoSuchElementException: no such element: Unable to locate element: {\"method\":\"css selector\",\"selector\":\"#site-search-input\"}\n\tat com.codeborne.selenide.impl.WebElementSource.createElementNotFoundError(WebElementSource.java:91)\n\tat com.codeborne.selenide.impl.ElementFinder.createElementNotFoundError(ElementFinder.java:142)\n\tat com.codeborne.selenide.impl.WebElementSource.handleError(WebElementSource.java:143)\n\tat com.codeborne.selenide.impl.WebElementSource.checkConditionAndReturnElement(WebElementSource.java:127)\n\tat com.codeborne.selenide.impl.WebElementSource.checkCondition(WebElementSource.java:104)\n\tat com.codeborne.selenide.commands.Should.execute(Should.java:30)\n\tat com.codeborne.selenide.commands.Should.execute(Should.java:14)\n\tat com.codeborne.selenide.commands.Commands.execute(Commands.java:162)\n\tat com.codeborne.selenide.impl.SelenideElementProxy.dispatchAndRetry(SelenideElementProxy.java:132)\n\tat com.codeborne.selenide.impl.SelenideElementProxy.invoke(SelenideElementProxy.java:84)\n\tat jdk.proxy3/jdk.proxy3.$Proxy32.shouldBe(Unknown Source)\n\tat pages.SearchPages.inputWord(SearchPages.java:26)\n\tat sanity.SearchResults.checkingTheCorrectionOfSearchResults(SearchResults.java:32)\n\tat java.base/jdk.internal.reflect.NativeMethodAccessorImpl.invoke0(Native Method)\n\tat java.base/jdk.internal.reflect.NativeMethodAccessorImpl.invoke(NativeMethodAccessorImpl.java:77)\n\tat java.base/jdk.internal.reflect.DelegatingMethodAccessorImpl.invoke(DelegatingMethodAccessorImpl.java:43)\n\tat java.base/java.lang.reflect.Method.invoke(Method.java:568)\n\tat org.junit.platform.commons.util.ReflectionUtils.invokeMethod(ReflectionUtils.java:727)\n\tat org.junit.jupiter.engine.execution.MethodInvocation.proceed(MethodInvocation.java:60)\n\tat org.junit.jupiter.engine.execution.InvocationInterceptorChain$ValidatingInvocation.proceed(InvocationInterceptorChain.java:131)\n\tat io.qameta.allure.junit5.AllureJunit5.interceptTestTemplateMethod(AllureJunit5.java:59)\n\tat org.junit.jupiter.engine.execution.InterceptingExecutableInvoker$ReflectiveInterceptorCall.lambda$ofVoidMethod$0(InterceptingExecutableInvoker.java:103)\n\tat org.junit.jupiter.engine.execution.InterceptingExecutableInvoker.lambda$invoke$0(InterceptingExecutableInvoker.java:93)\n\tat org.junit.jupiter.engine.execution.InvocationInterceptorChain$InterceptedInvocation.proceed(InvocationInterceptorChain.java:106)\n\tat org.junit.jupiter.engine.extension.TimeoutExtension.intercept(TimeoutExtension.java:156)\n\tat org.junit.jupiter.engine.extension.TimeoutExtension.interceptTestableMethod(TimeoutExtension.java:147)\n\tat org.junit.jupiter.engine.extension.TimeoutExtension.interceptTestTemplateMethod(TimeoutExtension.java:94)\n\tat org.junit.jupiter.engine.execution.InterceptingExecutableInvoker$ReflectiveInterceptorCall.lambda$ofVoidMethod$0(InterceptingExecutableInvoker.java:103)\n\tat org.junit.jupiter.engine.execution.InterceptingExecutableInvoker.lambda$invoke$0(InterceptingExecutableInvoker.java:93)\n\tat org.junit.jupiter.engine.execution.InvocationInterceptorChain$InterceptedInvocation.proceed(InvocationInterceptorChain.java:106)\n\tat org.junit.jupiter.engine.execution.InvocationInterceptorChain.proceed(InvocationInterceptorChain.java:64)\n\tat org.junit.jupiter.engine.execution.InvocationInterceptorChain.chainAndInvoke(InvocationInterceptorChain.java:45)\n\tat org.junit.jupiter.engine.execution.InvocationInterceptorChain.invoke(InvocationInterceptorChain.java:37)\n\tat org.junit.jupiter.engine.execution.InterceptingExecutableInvoker.invoke(InterceptingExecutableInvoker.java:92)\n\tat org.junit.jupiter.engine.execution.InterceptingExecutableInvoker.invoke(InterceptingExecutableInvoker.java:86)\n\tat org.junit.jupiter.engine.descriptor.TestMethodTestDescriptor.lambda$invokeTestMethod$7(TestMethodTestDescriptor.java:217)\n\tat org.junit.platform.engine.support.hierarchical.ThrowableCollector.execute(ThrowableCollector.java:73)\n\tat org.junit.jupiter.engine.descriptor.TestMethodTestDescriptor.invokeTestMethod(TestMethodTestDescriptor.java:213)\n\tat org.junit.jupiter.engine.descriptor.TestMethodTestDescriptor.execute(TestMethodTestDescriptor.java:138)\n\tat org.junit.jupiter.engine.descriptor.TestMethodTestDescriptor.execute(TestMethodTestDescriptor.java:68)\n\tat org.junit.platform.engine.support.hierarchical.NodeTestTask.lambda$executeRecursively$6(NodeTestTask.java:151)\n\tat org.junit.platform.engine.support.hierarchical.ThrowableCollector.execute(ThrowableCollector.java:73)\n\tat org.junit.platform.engine.support.hierarchical.NodeTestTask.lambda$executeRecursively$8(NodeTestTask.java:141)\n\tat org.junit.platform.engine.support.hierarchical.Node.around(Node.java:137)\n\tat org.junit.platform.engine.support.hierarchical.NodeTestTask.lambda$executeRecursively$9(NodeTestTask.java:139)\n\tat org.junit.platform.engine.support.hierarchical.ThrowableCollector.execute(ThrowableCollector.java:73)\n\tat org.junit.platform.engine.support.hierarchical.NodeTestTask.executeRecursively(NodeTestTask.java:138)\n\tat org.junit.platform.engine.support.hierarchical.NodeTestTask.execute(NodeTestTask.java:95)\n\tat org.junit.platform.engine.support.hierarchical.SameThreadHierarchicalTestExecutorService.submit(SameThreadHierarchicalTestExecutorService.java:35)\n\tat org.junit.platform.engine.support.hierarchical.NodeTestTask$DefaultDynamicTestExecutor.execute(NodeTestTask.java:226)\n\tat org.junit.platform.engine.support.hierarchical.NodeTestTask$DefaultDynamicTestExecutor.execute(NodeTestTask.java:204)\n\tat org.junit.jupiter.engine.descriptor.TestTemplateTestDescriptor.execute(TestTemplateTestDescriptor.java:142)\n\tat org.junit.jupiter.engine.descriptor.TestTemplateTestDescriptor.lambda$execute$2(TestTemplateTestDescriptor.java:110)\n\tat java.base/java.util.stream.ForEachOps$ForEachOp$OfRef.accept(ForEachOps.java:183)\n\tat java.base/java.util.stream.ReferencePipeline$3$1.accept(ReferencePipeline.java:197)\n\tat java.base/java.util.stream.ReferencePipeline$2$1.accept(ReferencePipeline.java:179)\n\tat java.base/java.util.stream.ReferencePipeline$3$1.accept(ReferencePipeline.java:197)\n\tat java.base/java.util.stream.ForEachOps$ForEachOp$OfRef.accept(ForEachOps.java:183)\n\tat java.base/java.util.stream.ReferencePipeline$3$1.accept(ReferencePipeline.java:197)\n\tat java.base/java.util.stream.ReferencePipeline$3$1.accept(ReferencePipeline.java:197)\n\tat java.base/java.util.stream.ReferencePipeline$3$1.accept(ReferencePipeline.java:197)\n\tat java.base/java.util.stream.ForEachOps$ForEachOp$OfRef.accept(ForEachOps.java:183)\n\tat java.base/java.util.Iterator.forEachRemaining(Iterator.java:133)\n\tat java.base/java.util.Spliterators$IteratorSpliterator.forEachRemaining(Spliterators.java:1845)\n\tat java.base/java.util.stream.ReferencePipeline$Head.forEach(ReferencePipeline.java:762)\n\tat java.base/java.util.stream.ReferencePipeline$7$1.accept(ReferencePipeline.java:276)\n\tat java.base/java.util.stream.ReferencePipeline$3$1.accept(ReferencePipeline.java:197)\n\tat java.base/java.util.stream.ReferencePipeline$3$1.accept(ReferencePipeline.java:197)\n\tat java.base/java.util.ArrayList$ArrayListSpliterator.forEachRemaining(ArrayList.java:1625)\n\tat java.base/java.util.stream.AbstractPipeline.copyInto(AbstractPipeline.java:509)\n\tat java.base/java.util.stream.AbstractPipeline.wrapAndCopyInto(AbstractPipeline.java:499)\n\tat java.base/java.util.stream.ForEachOps$ForEachOp.evaluateSequential(ForEachOps.java:150)\n\tat java.base/java.util.stream.ForEachOps$ForEachOp$OfRef.evaluateSequential(ForEachOps.java:173)\n\tat java.base/java.util.stream.AbstractPipeline.evaluate(AbstractPipeline.java:234)\n\tat java.base/java.util.stream.ReferencePipeline.forEach(ReferencePipeline.java:596)\n\tat java.base/java.util.stream.ReferencePipeline$7$1.accept(ReferencePipeline.java:276)\n\tat java.base/java.util.stream.ReferencePipeline$3$1.accept(ReferencePipeline.java:197)\n\tat java.base/java.util.stream.ReferencePipeline$3$1.accept(ReferencePipeline.java:197)\n\tat java.base/java.util.stream.ReferencePipeline$3$1.accept(ReferencePipeline.java:197)\n\tat java.base/java.util.ArrayList$ArrayListSpliterator.forEachRemaining(ArrayList.java:1625)\n\tat java.base/java.util.stream.AbstractPipeline.copyInto(AbstractPipeline.java:509)\n\tat java.base/java.util.stream.AbstractPipeline.wrapAndCopyInto(AbstractPipeline.java:499)\n\tat java.base/java.util.stream.ForEachOps$ForEachOp.evaluateSequential(ForEachOps.java:150)\n\tat java.base/java.util.stream.ForEachOps$ForEachOp$OfRef.evaluateSequential(ForEachOps.java:173)\n\tat java.base/java.util.stream.AbstractPipeline.evaluate(AbstractPipeline.java:234)\n\tat java.base/java.util.stream.ReferencePipeline.forEach(ReferencePipeline.java:596)\n\tat java.base/java.util.stream.ReferencePipeline$7$1.accept(ReferencePipeline.java:276)\n\tat java.base/java.util.ArrayList$ArrayListSpliterator.forEachRemaining(ArrayList.java:1625)\n\tat java.base/java.util.stream.AbstractPipeline.copyInto(AbstractPipeline.java:509)\n\tat java.base/java.util.stream.AbstractPipeline.wrapAndCopyInto(AbstractPipeline.java:499)\n\tat java.base/java.util.stream.ForEachOps$ForEachOp.evaluateSequential(ForEachOps.java:150)\n\tat java.base/java.util.stream.ForEachOps$ForEachOp$OfRef.evaluateSequential(ForEachOps.java:173)\n\tat java.base/java.util.stream.AbstractPipeline.evaluate(AbstractPipeline.java:234)\n\tat java.base/java.util.stream.ReferencePipeline.forEach(ReferencePipeline.java:596)\n\tat org.junit.jupiter.engine.descriptor.TestTemplateTestDescriptor.execute(TestTemplateTestDescriptor.java:110)\n\tat org.junit.jupiter.engine.descriptor.TestTemplateTestDescriptor.execute(TestTemplateTestDescriptor.java:44)\n\tat org.junit.platform.engine.support.hierarchical.NodeTestTask.lambda$executeRecursively$6(NodeTestTask.java:151)\n\tat org.junit.platform.engine.support.hierarchical.ThrowableCollector.execute(ThrowableCollector.java:73)\n\tat org.junit.platform.engine.support.hierarchical.NodeTestTask.lambda$executeRecursively$8(NodeTestTask.java:141)\n\tat org.junit.platform.engine.support.hierarchical.Node.around(Node.java:137)\n\tat org.junit.platform.engine.support.hierarchical.NodeTestTask.lambda$executeRecursively$9(NodeTestTask.java:139)\n\tat org.junit.platform.engine.support.hierarchical.ThrowableCollector.execute(ThrowableCollector.java:73)\n\tat org.junit.platform.engine.support.hierarchical.NodeTestTask.executeRecursively(NodeTestTask.java:138)\n\tat org.junit.platform.engine.support.hierarchical.NodeTestTask.execute(NodeTestTask.java:95)\n\tat java.base/java.util.ArrayList.forEach(ArrayList.java:1511)\n\tat org.junit.platform.engine.support.hierarchical.SameThreadHierarchicalTestExecutorService.invokeAll(SameThreadHierarchicalTestExecutorService.java:41)\n\tat org.junit.platform.engine.support.hierarchical.NodeTestTask.lambda$executeRecursively$6(NodeTestTask.java:155)\n\tat org.junit.platform.engine.support.hierarchical.ThrowableCollector.execute(ThrowableCollector.java:73)\n\tat org.junit.platform.engine.support.hierarchical.NodeTestTask.lambda$executeRecursively$8(NodeTestTask.java:141)\n\tat org.junit.platform.engine.support.hierarchical.Node.around(Node.java:137)\n\tat org.junit.platform.engine.support.hierarchical.NodeTestTask.lambda$executeRecursively$9(NodeTestTask.java:139)\n\tat org.junit.platform.engine.support.hierarchical.ThrowableCollector.execute(ThrowableCollector.java:73)\n\tat org.junit.platform.engine.support.hierarchical.NodeTestTask.executeRecursively(NodeTestTask.java:138)\n\tat org.junit.platform.engine.support.hierarchical.NodeTestTask.execute(NodeTestTask.java:95)\n\tat java.base/java.util.ArrayList.forEach(ArrayList.java:1511)\n\tat org.junit.platform.engine.support.hierarchical.SameThreadHierarchicalTestExecutorService.invokeAll(SameThreadHierarchicalTestExecutorService.java:41)\n\tat org.junit.platform.engine.support.hierarchical.NodeTestTask.lambda$executeRecursively$6(NodeTestTask.java:155)\n\tat org.junit.platform.engine.support.hierarchical.ThrowableCollector.execute(ThrowableCollector.java:73)\n\tat org.junit.platform.engine.support.hierarchical.NodeTestTask.lambda$executeRecursively$8(NodeTestTask.java:141)\n\tat org.junit.platform.engine.support.hierarchical.Node.around(Node.java:137)\n\tat org.junit.platform.engine.support.hierarchical.NodeTestTask.lambda$executeRecursively$9(NodeTestTask.java:139)\n\tat org.junit.platform.engine.support.hierarchical.ThrowableCollector.execute(ThrowableCollector.java:73)\n\tat org.junit.platform.engine.support.hierarchical.NodeTestTask.executeRecursively(NodeTestTask.java:138)\n\tat org.junit.platform.engine.support.hierarchical.NodeTestTask.execute(NodeTestTask.java:95)\n\tat org.junit.platform.engine.support.hierarchical.SameThreadHierarchicalTestExecutorService.submit(SameThreadHierarchicalTestExecutorService.java:35)\n\tat org.junit.platform.engine.support.hierarchical.HierarchicalTestExecutor.execute(HierarchicalTestExecutor.java:57)\n\tat org.junit.platform.engine.support.hierarchical.HierarchicalTestEngine.execute(HierarchicalTestEngine.java:54)\n\tat org.junit.platform.launcher.core.EngineExecutionOrchestrator.execute(EngineExecutionOrchestrator.java:147)\n\tat org.junit.platform.launcher.core.EngineExecutionOrchestrator.execute(EngineExecutionOrchestrator.java:127)\n\tat org.junit.platform.launcher.core.EngineExecutionOrchestrator.execute(EngineExecutionOrchestrator.java:90)\n\tat org.junit.platform.launcher.core.EngineExecutionOrchestrator.lambda$execute$0(EngineExecutionOrchestrator.java:55)\n\tat org.junit.platform.launcher.core.EngineExecutionOrchestrator.withInterceptedStreams(EngineExecutionOrchestrator.java:102)\n\tat org.junit.platform.launcher.core.EngineExecutionOrchestrator.execute(EngineExecutionOrchestrator.java:54)\n\tat org.junit.platform.launcher.core.DefaultLauncher.execute(DefaultLauncher.java:114)\n\tat org.junit.platform.launcher.core.DefaultLauncher.execute(DefaultLauncher.java:86)\n\tat org.junit.platform.launcher.core.DefaultLauncherSession$DelegatingLauncher.execute(DefaultLauncherSession.java:86)\n\tat org.junit.platform.launcher.core.SessionPerRequestLauncher.execute(SessionPerRequestLauncher.java:53)\n\tat org.gradle.api.internal.tasks.testing.junitplatform.JUnitPlatformTestClassProcessor$CollectAllTestClassesExecutor.processAllTestClasses(JUnitPlatformTestClassProcessor.java:99)\n\tat org.gradle.api.internal.tasks.testing.junitplatform.JUnitPlatformTestClassProcessor$CollectAllTestClassesExecutor.access$000(JUnitPlatformTestClassProcessor.java:79)\n\tat org.gradle.api.internal.tasks.testing.junitplatform.JUnitPlatformTestClassProcessor.stop(JUnitPlatformTestClassProcessor.java:75)\n\tat org.gradle.api.internal.tasks.testing.SuiteTestClassProcessor.stop(SuiteTestClassProcessor.java:62)\n\tat java.base/jdk.internal.reflect.NativeMethodAccessorImpl.invoke0(Native Method)\n\tat java.base/jdk.internal.reflect.NativeMethodAccessorImpl.invoke(NativeMethodAccessorImpl.java:77)\n\tat java.base/jdk.internal.reflect.DelegatingMethodAccessorImpl.invoke(DelegatingMethodAccessorImpl.java:43)\n\tat java.base/java.lang.reflect.Method.invoke(Method.java:568)\n\tat org.gradle.internal.dispatch.ReflectionDispatch.dispatch(ReflectionDispatch.java:36)\n\tat org.gradle.internal.dispatch.ReflectionDispatch.dispatch(ReflectionDispatch.java:24)\n\tat org.gradle.internal.dispatch.ContextClassLoaderDispatch.dispatch(ContextClassLoaderDispatch.java:33)\n\tat org.gradle.internal.dispatch.ProxyDispatchAdapter$DispatchingInvocationHandler.invoke(ProxyDispatchAdapter.java:94)\n\tat jdk.proxy1/jdk.proxy1.$Proxy2.stop(Unknown Source)\n\tat org.gradle.api.internal.tasks.testing.worker.TestWorker$3.run(TestWorker.java:193)\n\tat org.gradle.api.internal.tasks.testing.worker.TestWorker.executeAndMaintainThreadName(TestWorker.java:129)\n\tat org.gradle.api.internal.tasks.testing.worker.TestWorker.execute(TestWorker.java:100)\n\tat org.gradle.api.internal.tasks.testing.worker.TestWorker.execute(TestWorker.java:60)\n\tat org.gradle.process.internal.worker.child.ActionExecutionWorker.execute(ActionExecutionWorker.java:56)\n\tat org.gradle.process.internal.worker.child.SystemApplicationClassLoaderWorker.call(SystemApplicationClassLoaderWorker.java:113)\n\tat org.gradle.process.internal.worker.child.SystemApplicationClassLoaderWorker.call(SystemApplicationClassLoaderWorker.java:65)\n\tat worker.org.gradle.process.internal.worker.GradleWorkerMain.run(GradleWorkerMain.java:69)\n\tat worker.org.gradle.process.internal.worker.GradleWorkerMain.main(GradleWorkerMain.java:74)\nCaused by: org.openqa.selenium.NoSuchElementException: no such element: Unable to locate element: {\"method\":\"css selector\",\"selector\":\"#site-search-input\"}\n  (Session info: chrome=100.0.4896.60)\nFor documentation on this error, please visit: https://www.selenium.dev/documentation/webdriver/troubleshooting/errors#no-such-element-exception\nBuild info: version: '4.10.0', revision: 'c14d967899'\nSystem info: os.name: 'Linux', os.arch: 'amd64', os.version: '5.15.0-1041-azure', java.version: '17.0.8'\nDriver info: org.openqa.selenium.remote.RemoteWebDriver\nCommand: [5cddcc02a25f95381d09b87da15cd021, findElement {using=css selector, value=#site-search-input}]\nCapabilities {acceptInsecureCerts: true, browserName: chrome, browserVersion: 100.0.4896.60, chrome: {chromedriverVersion: 100.0.4896.20 (f9d71f93d32a..., userDataDir: /tmp/.com.google.Chrome.FvfDOS}, goog:chromeOptions: {debuggerAddress: localhost:42995}, networkConnectionEnabled: false, pageLoadStrategy: eager, platformName: linux, proxy: Proxy(), setWindowRect: true, strictFileInteractability: false, timeouts: {implicit: 0, pageLoad: 300000, script: 30000}, unhandledPromptBehavior: accept, webauthn:extension:credBlob: true, webauthn:extension:largeBlob: true, webauthn:virtualAuthenticators: true}\nSession ID: 5cddcc02a25f95381d09b87da15cd021\n\tat jdk.internal.reflect.GeneratedConstructorAccessor12.newInstance(Unknown Source)\n\tat java.base/jdk.internal.reflect.DelegatingConstructorAccessorImpl.newInstance(DelegatingConstructorAccessorImpl.java:45)\n\tat java.base/java.lang.reflect.Constructor.newInstanceWithCaller(Constructor.java:499)\n\tat java.base/java.lang.reflect.Constructor.newInstance(Constructor.java:480)\n\tat org.openqa.selenium.remote.codec.w3c.W3CHttpResponseCodec.createException(W3CHttpResponseCodec.java:199)\n\tat org.openqa.selenium.remote.codec.w3c.W3CHttpResponseCodec.decode(W3CHttpResponseCodec.java:132)\n\tat org.openqa.selenium.remote.codec.w3c.W3CHttpResponseCodec.decode(W3CHttpResponseCodec.java:51)\n\tat org.openqa.selenium.remote.HttpCommandExecutor.execute(HttpCommandExecutor.java:191)\n\tat org.openqa.selenium.remote.RemoteWebDriver.execute(RemoteWebDriver.java:531)\n\tat org.openqa.selenium.remote.ElementLocation$ElementFinder$2.findElement(ElementLocation.java:165)\n\tat org.openqa.selenium.remote.ElementLocation.findElement(ElementLocation.java:59)\n\tat org.openqa.selenium.remote.RemoteWebDriver.findElement(RemoteWebDriver.java:350)\n\tat org.openqa.selenium.remote.RemoteWebDriver.findElement(RemoteWebDriver.java:344)\n\tat com.codeborne.selenide.impl.WebElementSelector.findElement(WebElementSelector.java:70)\n\tat com.codeborne.selenide.impl.WebElementSelector.findElement(WebElementSelector.java:44)\n\tat com.codeborne.selenide.impl.WebElementSelector.findElement(WebElementSelector.java:33)\n\tat com.codeborne.selenide.impl.ElementFinder.getWebElement(ElementFinder.java:122)\n\tat com.codeborne.selenide.impl.WebElementSource.checkConditionAndReturnElement(WebElementSource.java:116)\n\t... 155 more\n","steps":[{"name":"Открываем главную страницу","time":{"start":1690191876141,"stop":1690191877969,"duration":1828},"status":"passed","steps":[{"name":"$(\"open\") https://www-hybris-dev-02.shoppinglive.ru","time":{"start":1690191876141,"stop":1690191877969,"duration":1828},"status":"passed","steps":[],"attachments":[],"parameters":[],"stepsCount":0,"attachmentsCount":0,"shouldDisplayMessage":false,"hasContent":false}],"attachments":[],"parameters":[],"stepsCount":1,"attachmentsCount":0,"shouldDisplayMessage":false,"hasContent":true},{"name":"Вводим искомое слово","time":{"start":1690191882970,"stop":1690191914222,"duration":31252},"status":"failed","statusMessage":"Element not found {#site-search-input}\nExpected: visible\nScreenshot: file:/home/runner/work/Shopping/Shopping/build/reports/tests/1690191913073.7.png\nPage source: file:/home/runner/work/Shopping/Shopping/build/reports/tests/1690191913073.7.html\nTimeout: 30 s.\nCaused by: NoSuchElementException: no such element: Unable to locate element: {\"method\":\"css selector\",\"selector\":\"#site-search-input\"}","statusTrace":"Element not found {#site-search-input}\nExpected: visible\nScreenshot: file:/home/runner/work/Shopping/Shopping/build/reports/tests/1690191913073.7.png\nPage source: file:/home/runner/work/Shopping/Shopping/build/reports/tests/1690191913073.7.html\nTimeout: 30 s.\nCaused by: NoSuchElementException: no such element: Unable to locate element: {\"method\":\"css selector\",\"selector\":\"#site-search-input\"}\n\tat com.codeborne.selenide.impl.WebElementSource.createElementNotFoundError(WebElementSource.java:91)\n\tat com.codeborne.selenide.impl.ElementFinder.createElementNotFoundError(ElementFinder.java:142)\n\tat com.codeborne.selenide.impl.WebElementSource.handleError(WebElementSource.java:143)\n\tat com.codeborne.selenide.impl.WebElementSource.checkConditionAndReturnElement(WebElementSource.java:127)\n\tat com.codeborne.selenide.impl.WebElementSource.checkCondition(WebElementSource.java:104)\n\tat com.codeborne.selenide.commands.Should.execute(Should.java:30)\n\tat com.codeborne.selenide.commands.Should.execute(Should.java:14)\n\tat com.codeborne.selenide.commands.Commands.execute(Commands.java:162)\n\tat com.codeborne.selenide.impl.SelenideElementProxy.dispatchAndRetry(SelenideElementProxy.java:132)\n\tat com.codeborne.selenide.impl.SelenideElementProxy.invoke(SelenideElementProxy.java:84)\n\tat jdk.proxy3/jdk.proxy3.$Proxy32.shouldBe(Unknown Source)\n\tat pages.SearchPages.inputWord(SearchPages.java:26)\n\tat sanity.SearchResults.checkingTheCorrectionOfSearchResults(SearchResults.java:32)\n\tat java.base/jdk.internal.reflect.NativeMethodAccessorImpl.invoke0(Native Method)\n\tat java.base/jdk.internal.reflect.NativeMethodAccessorImpl.invoke(NativeMethodAccessorImpl.java:77)\n\tat java.base/jdk.internal.reflect.DelegatingMethodAccessorImpl.invoke(DelegatingMethodAccessorImpl.java:43)\n\tat java.base/java.lang.reflect.Method.invoke(Method.java:568)\n\tat org.junit.platform.commons.util.ReflectionUtils.invokeMethod(ReflectionUtils.java:727)\n\tat org.junit.jupiter.engine.execution.MethodInvocation.proceed(MethodInvocation.java:60)\n\tat org.junit.jupiter.engine.execution.InvocationInterceptorChain$ValidatingInvocation.proceed(InvocationInterceptorChain.java:131)\n\tat io.qameta.allure.junit5.AllureJunit5.interceptTestTemplateMethod(AllureJunit5.java:59)\n\tat org.junit.jupiter.engine.execution.InterceptingExecutableInvoker$ReflectiveInterceptorCall.lambda$ofVoidMethod$0(InterceptingExecutableInvoker.java:103)\n\tat org.junit.jupiter.engine.execution.InterceptingExecutableInvoker.lambda$invoke$0(InterceptingExecutableInvoker.java:93)\n\tat org.junit.jupiter.engine.execution.InvocationInterceptorChain$InterceptedInvocation.proceed(InvocationInterceptorChain.java:106)\n\tat org.junit.jupiter.engine.extension.TimeoutExtension.intercept(TimeoutExtension.java:156)\n\tat org.junit.jupiter.engine.extension.TimeoutExtension.interceptTestableMethod(TimeoutExtension.java:147)\n\tat org.junit.jupiter.engine.extension.TimeoutExtension.interceptTestTemplateMethod(TimeoutExtension.java:94)\n\tat org.junit.jupiter.engine.execution.InterceptingExecutableInvoker$ReflectiveInterceptorCall.lambda$ofVoidMethod$0(InterceptingExecutableInvoker.java:103)\n\tat org.junit.jupiter.engine.execution.InterceptingExecutableInvoker.lambda$invoke$0(InterceptingExecutableInvoker.java:93)\n\tat org.junit.jupiter.engine.execution.InvocationInterceptorChain$InterceptedInvocation.proceed(InvocationInterceptorChain.java:106)\n\tat org.junit.jupiter.engine.execution.InvocationInterceptorChain.proceed(InvocationInterceptorChain.java:64)\n\tat org.junit.jupiter.engine.execution.InvocationInterceptorChain.chainAndInvoke(InvocationInterceptorChain.java:45)\n\tat org.junit.jupiter.engine.execution.InvocationInterceptorChain.invoke(InvocationInterceptorChain.java:37)\n\tat org.junit.jupiter.engine.execution.InterceptingExecutableInvoker.invoke(InterceptingExecutableInvoker.java:92)\n\tat org.junit.jupiter.engine.execution.InterceptingExecutableInvoker.invoke(InterceptingExecutableInvoker.java:86)\n\tat org.junit.jupiter.engine.descriptor.TestMethodTestDescriptor.lambda$invokeTestMethod$7(TestMethodTestDescriptor.java:217)\n\tat org.junit.platform.engine.support.hierarchical.ThrowableCollector.execute(ThrowableCollector.java:73)\n\tat org.junit.jupiter.engine.descriptor.TestMethodTestDescriptor.invokeTestMethod(TestMethodTestDescriptor.java:213)\n\tat org.junit.jupiter.engine.descriptor.TestMethodTestDescriptor.execute(TestMethodTestDescriptor.java:138)\n\tat org.junit.jupiter.engine.descriptor.TestMethodTestDescriptor.execute(TestMethodTestDescriptor.java:68)\n\tat org.junit.platform.engine.support.hierarchical.NodeTestTask.lambda$executeRecursively$6(NodeTestTask.java:151)\n\tat org.junit.platform.engine.support.hierarchical.ThrowableCollector.execute(ThrowableCollector.java:73)\n\tat org.junit.platform.engine.support.hierarchical.NodeTestTask.lambda$executeRecursively$8(NodeTestTask.java:141)\n\tat org.junit.platform.engine.support.hierarchical.Node.around(Node.java:137)\n\tat org.junit.platform.engine.support.hierarchical.NodeTestTask.lambda$executeRecursively$9(NodeTestTask.java:139)\n\tat org.junit.platform.engine.support.hierarchical.ThrowableCollector.execute(ThrowableCollector.java:73)\n\tat org.junit.platform.engine.support.hierarchical.NodeTestTask.executeRecursively(NodeTestTask.java:138)\n\tat org.junit.platform.engine.support.hierarchical.NodeTestTask.execute(NodeTestTask.java:95)\n\tat org.junit.platform.engine.support.hierarchical.SameThreadHierarchicalTestExecutorService.submit(SameThreadHierarchicalTestExecutorService.java:35)\n\tat org.junit.platform.engine.support.hierarchical.NodeTestTask$DefaultDynamicTestExecutor.execute(NodeTestTask.java:226)\n\tat org.junit.platform.engine.support.hierarchical.NodeTestTask$DefaultDynamicTestExecutor.execute(NodeTestTask.java:204)\n\tat org.junit.jupiter.engine.descriptor.TestTemplateTestDescriptor.execute(TestTemplateTestDescriptor.java:142)\n\tat org.junit.jupiter.engine.descriptor.TestTemplateTestDescriptor.lambda$execute$2(TestTemplateTestDescriptor.java:110)\n\tat java.base/java.util.stream.ForEachOps$ForEachOp$OfRef.accept(ForEachOps.java:183)\n\tat java.base/java.util.stream.ReferencePipeline$3$1.accept(ReferencePipeline.java:197)\n\tat java.base/java.util.stream.ReferencePipeline$2$1.accept(ReferencePipeline.java:179)\n\tat java.base/java.util.stream.ReferencePipeline$3$1.accept(ReferencePipeline.java:197)\n\tat java.base/java.util.stream.ForEachOps$ForEachOp$OfRef.accept(ForEachOps.java:183)\n\tat java.base/java.util.stream.ReferencePipeline$3$1.accept(ReferencePipeline.java:197)\n\tat java.base/java.util.stream.ReferencePipeline$3$1.accept(ReferencePipeline.java:197)\n\tat java.base/java.util.stream.ReferencePipeline$3$1.accept(ReferencePipeline.java:197)\n\tat java.base/java.util.stream.ForEachOps$ForEachOp$OfRef.accept(ForEachOps.java:183)\n\tat java.base/java.util.Iterator.forEachRemaining(Iterator.java:133)\n\tat java.base/java.util.Spliterators$IteratorSpliterator.forEachRemaining(Spliterators.java:1845)\n\tat java.base/java.util.stream.ReferencePipeline$Head.forEach(ReferencePipeline.java:762)\n\tat java.base/java.util.stream.ReferencePipeline$7$1.accept(ReferencePipeline.java:276)\n\tat java.base/java.util.stream.ReferencePipeline$3$1.accept(ReferencePipeline.java:197)\n\tat java.base/java.util.stream.ReferencePipeline$3$1.accept(ReferencePipeline.java:197)\n\tat java.base/java.util.ArrayList$ArrayListSpliterator.forEachRemaining(ArrayList.java:1625)\n\tat java.base/java.util.stream.AbstractPipeline.copyInto(AbstractPipeline.java:509)\n\tat java.base/java.util.stream.AbstractPipeline.wrapAndCopyInto(AbstractPipeline.java:499)\n\tat java.base/java.util.stream.ForEachOps$ForEachOp.evaluateSequential(ForEachOps.java:150)\n\tat java.base/java.util.stream.ForEachOps$ForEachOp$OfRef.evaluateSequential(ForEachOps.java:173)\n\tat java.base/java.util.stream.AbstractPipeline.evaluate(AbstractPipeline.java:234)\n\tat java.base/java.util.stream.ReferencePipeline.forEach(ReferencePipeline.java:596)\n\tat java.base/java.util.stream.ReferencePipeline$7$1.accept(ReferencePipeline.java:276)\n\tat java.base/java.util.stream.ReferencePipeline$3$1.accept(ReferencePipeline.java:197)\n\tat java.base/java.util.stream.ReferencePipeline$3$1.accept(ReferencePipeline.java:197)\n\tat java.base/java.util.stream.ReferencePipeline$3$1.accept(ReferencePipeline.java:197)\n\tat java.base/java.util.ArrayList$ArrayListSpliterator.forEachRemaining(ArrayList.java:1625)\n\tat java.base/java.util.stream.AbstractPipeline.copyInto(AbstractPipeline.java:509)\n\tat java.base/java.util.stream.AbstractPipeline.wrapAndCopyInto(AbstractPipeline.java:499)\n\tat java.base/java.util.stream.ForEachOps$ForEachOp.evaluateSequential(ForEachOps.java:150)\n\tat java.base/java.util.stream.ForEachOps$ForEachOp$OfRef.evaluateSequential(ForEachOps.java:173)\n\tat java.base/java.util.stream.AbstractPipeline.evaluate(AbstractPipeline.java:234)\n\tat java.base/java.util.stream.ReferencePipeline.forEach(ReferencePipeline.java:596)\n\tat java.base/java.util.stream.ReferencePipeline$7$1.accept(ReferencePipeline.java:276)\n\tat java.base/java.util.ArrayList$ArrayListSpliterator.forEachRemaining(ArrayList.java:1625)\n\tat java.base/java.util.stream.AbstractPipeline.copyInto(AbstractPipeline.java:509)\n\tat java.base/java.util.stream.AbstractPipeline.wrapAndCopyInto(AbstractPipeline.java:499)\n\tat java.base/java.util.stream.ForEachOps$ForEachOp.evaluateSequential(ForEachOps.java:150)\n\tat java.base/java.util.stream.ForEachOps$ForEachOp$OfRef.evaluateSequential(ForEachOps.java:173)\n\tat java.base/java.util.stream.AbstractPipeline.evaluate(AbstractPipeline.java:234)\n\tat java.base/java.util.stream.ReferencePipeline.forEach(ReferencePipeline.java:596)\n\tat org.junit.jupiter.engine.descriptor.TestTemplateTestDescriptor.execute(TestTemplateTestDescriptor.java:110)\n\tat org.junit.jupiter.engine.descriptor.TestTemplateTestDescriptor.execute(TestTemplateTestDescriptor.java:44)\n\tat org.junit.platform.engine.support.hierarchical.NodeTestTask.lambda$executeRecursively$6(NodeTestTask.java:151)\n\tat org.junit.platform.engine.support.hierarchical.ThrowableCollector.execute(ThrowableCollector.java:73)\n\tat org.junit.platform.engine.support.hierarchical.NodeTestTask.lambda$executeRecursively$8(NodeTestTask.java:141)\n\tat org.junit.platform.engine.support.hierarchical.Node.around(Node.java:137)\n\tat org.junit.platform.engine.support.hierarchical.NodeTestTask.lambda$executeRecursively$9(NodeTestTask.java:139)\n\tat org.junit.platform.engine.support.hierarchical.ThrowableCollector.execute(ThrowableCollector.java:73)\n\tat org.junit.platform.engine.support.hierarchical.NodeTestTask.executeRecursively(NodeTestTask.java:138)\n\tat org.junit.platform.engine.support.hierarchical.NodeTestTask.execute(NodeTestTask.java:95)\n\tat java.base/java.util.ArrayList.forEach(ArrayList.java:1511)\n\tat org.junit.platform.engine.support.hierarchical.SameThreadHierarchicalTestExecutorService.invokeAll(SameThreadHierarchicalTestExecutorService.java:41)\n\tat org.junit.platform.engine.support.hierarchical.NodeTestTask.lambda$executeRecursively$6(NodeTestTask.java:155)\n\tat org.junit.platform.engine.support.hierarchical.ThrowableCollector.execute(ThrowableCollector.java:73)\n\tat org.junit.platform.engine.support.hierarchical.NodeTestTask.lambda$executeRecursively$8(NodeTestTask.java:141)\n\tat org.junit.platform.engine.support.hierarchical.Node.around(Node.java:137)\n\tat org.junit.platform.engine.support.hierarchical.NodeTestTask.lambda$executeRecursively$9(NodeTestTask.java:139)\n\tat org.junit.platform.engine.support.hierarchical.ThrowableCollector.execute(ThrowableCollector.java:73)\n\tat org.junit.platform.engine.support.hierarchical.NodeTestTask.executeRecursively(NodeTestTask.java:138)\n\tat org.junit.platform.engine.support.hierarchical.NodeTestTask.execute(NodeTestTask.java:95)\n\tat java.base/java.util.ArrayList.forEach(ArrayList.java:1511)\n\tat org.junit.platform.engine.support.hierarchical.SameThreadHierarchicalTestExecutorService.invokeAll(SameThreadHierarchicalTestExecutorService.java:41)\n\tat org.junit.platform.engine.support.hierarchical.NodeTestTask.lambda$executeRecursively$6(NodeTestTask.java:155)\n\tat org.junit.platform.engine.support.hierarchical.ThrowableCollector.execute(ThrowableCollector.java:73)\n\tat org.junit.platform.engine.support.hierarchical.NodeTestTask.lambda$executeRecursively$8(NodeTestTask.java:141)\n\tat org.junit.platform.engine.support.hierarchical.Node.around(Node.java:137)\n\tat org.junit.platform.engine.support.hierarchical.NodeTestTask.lambda$executeRecursively$9(NodeTestTask.java:139)\n\tat org.junit.platform.engine.support.hierarchical.ThrowableCollector.execute(ThrowableCollector.java:73)\n\tat org.junit.platform.engine.support.hierarchical.NodeTestTask.executeRecursively(NodeTestTask.java:138)\n\tat org.junit.platform.engine.support.hierarchical.NodeTestTask.execute(NodeTestTask.java:95)\n\tat org.junit.platform.engine.support.hierarchical.SameThreadHierarchicalTestExecutorService.submit(SameThreadHierarchicalTestExecutorService.java:35)\n\tat org.junit.platform.engine.support.hierarchical.HierarchicalTestExecutor.execute(HierarchicalTestExecutor.java:57)\n\tat org.junit.platform.engine.support.hierarchical.HierarchicalTestEngine.execute(HierarchicalTestEngine.java:54)\n\tat org.junit.platform.launcher.core.EngineExecutionOrchestrator.execute(EngineExecutionOrchestrator.java:147)\n\tat org.junit.platform.launcher.core.EngineExecutionOrchestrator.execute(EngineExecutionOrchestrator.java:127)\n\tat org.junit.platform.launcher.core.EngineExecutionOrchestrator.execute(EngineExecutionOrchestrator.java:90)\n\tat org.junit.platform.launcher.core.EngineExecutionOrchestrator.lambda$execute$0(EngineExecutionOrchestrator.java:55)\n\tat org.junit.platform.launcher.core.EngineExecutionOrchestrator.withInterceptedStreams(EngineExecutionOrchestrator.java:102)\n\tat org.junit.platform.launcher.core.EngineExecutionOrchestrator.execute(EngineExecutionOrchestrator.java:54)\n\tat org.junit.platform.launcher.core.DefaultLauncher.execute(DefaultLauncher.java:114)\n\tat org.junit.platform.launcher.core.DefaultLauncher.execute(DefaultLauncher.java:86)\n\tat org.junit.platform.launcher.core.DefaultLauncherSession$DelegatingLauncher.execute(DefaultLauncherSession.java:86)\n\tat org.junit.platform.launcher.core.SessionPerRequestLauncher.execute(SessionPerRequestLauncher.java:53)\n\tat org.gradle.api.internal.tasks.testing.junitplatform.JUnitPlatformTestClassProcessor$CollectAllTestClassesExecutor.processAllTestClasses(JUnitPlatformTestClassProcessor.java:99)\n\tat org.gradle.api.internal.tasks.testing.junitplatform.JUnitPlatformTestClassProcessor$CollectAllTestClassesExecutor.access$000(JUnitPlatformTestClassProcessor.java:79)\n\tat org.gradle.api.internal.tasks.testing.junitplatform.JUnitPlatformTestClassProcessor.stop(JUnitPlatformTestClassProcessor.java:75)\n\tat org.gradle.api.internal.tasks.testing.SuiteTestClassProcessor.stop(SuiteTestClassProcessor.java:62)\n\tat java.base/jdk.internal.reflect.NativeMethodAccessorImpl.invoke0(Native Method)\n\tat java.base/jdk.internal.reflect.NativeMethodAccessorImpl.invoke(NativeMethodAccessorImpl.java:77)\n\tat java.base/jdk.internal.reflect.DelegatingMethodAccessorImpl.invoke(DelegatingMethodAccessorImpl.java:43)\n\tat java.base/java.lang.reflect.Method.invoke(Method.java:568)\n\tat org.gradle.internal.dispatch.ReflectionDispatch.dispatch(ReflectionDispatch.java:36)\n\tat org.gradle.internal.dispatch.ReflectionDispatch.dispatch(ReflectionDispatch.java:24)\n\tat org.gradle.internal.dispatch.ContextClassLoaderDispatch.dispatch(ContextClassLoaderDispatch.java:33)\n\tat org.gradle.internal.dispatch.ProxyDispatchAdapter$DispatchingInvocationHandler.invoke(ProxyDispatchAdapter.java:94)\n\tat jdk.proxy1/jdk.proxy1.$Proxy2.stop(Unknown Source)\n\tat org.gradle.api.internal.tasks.testing.worker.TestWorker$3.run(TestWorker.java:193)\n\tat org.gradle.api.internal.tasks.testing.worker.TestWorker.executeAndMaintainThreadName(TestWorker.java:129)\n\tat org.gradle.api.internal.tasks.testing.worker.TestWorker.execute(TestWorker.java:100)\n\tat org.gradle.api.internal.tasks.testing.worker.TestWorker.execute(TestWorker.java:60)\n\tat org.gradle.process.internal.worker.child.ActionExecutionWorker.execute(ActionExecutionWorker.java:56)\n\tat org.gradle.process.internal.worker.child.SystemApplicationClassLoaderWorker.call(SystemApplicationClassLoaderWorker.java:113)\n\tat org.gradle.process.internal.worker.child.SystemApplicationClassLoaderWorker.call(SystemApplicationClassLoaderWorker.java:65)\n\tat worker.org.gradle.process.internal.worker.GradleWorkerMain.run(GradleWorkerMain.java:69)\n\tat worker.org.gradle.process.internal.worker.GradleWorkerMain.main(GradleWorkerMain.java:74)\nCaused by: org.openqa.selenium.NoSuchElementException: no such element: Unable to locate element: {\"method\":\"css selector\",\"selector\":\"#site-search-input\"}\n  (Session info: chrome=100.0.4896.60)\nFor documentation on this error, please visit: https://www.selenium.dev/documentation/webdriver/troubleshooting/errors#no-such-element-exception\nBuild info: version: '4.10.0', revision: 'c14d967899'\nSystem info: os.name: 'Linux', os.arch: 'amd64', os.version: '5.15.0-1041-azure', java.version: '17.0.8'\nDriver info: org.openqa.selenium.remote.RemoteWebDriver\nCommand: [5cddcc02a25f95381d09b87da15cd021, findElement {using=css selector, value=#site-search-input}]\nCapabilities {acceptInsecureCerts: true, browserName: chrome, browserVersion: 100.0.4896.60, chrome: {chromedriverVersion: 100.0.4896.20 (f9d71f93d32a..., userDataDir: /tmp/.com.google.Chrome.FvfDOS}, goog:chromeOptions: {debuggerAddress: localhost:42995}, networkConnectionEnabled: false, pageLoadStrategy: eager, platformName: linux, proxy: Proxy(), setWindowRect: true, strictFileInteractability: false, timeouts: {implicit: 0, pageLoad: 300000, script: 30000}, unhandledPromptBehavior: accept, webauthn:extension:credBlob: true, webauthn:extension:largeBlob: true, webauthn:virtualAuthenticators: true}\nSession ID: 5cddcc02a25f95381d09b87da15cd021\n\tat jdk.internal.reflect.GeneratedConstructorAccessor12.newInstance(Unknown Source)\n\tat java.base/jdk.internal.reflect.DelegatingConstructorAccessorImpl.newInstance(DelegatingConstructorAccessorImpl.java:45)\n\tat java.base/java.lang.reflect.Constructor.newInstanceWithCaller(Constructor.java:499)\n\tat java.base/java.lang.reflect.Constructor.newInstance(Constructor.java:480)\n\tat org.openqa.selenium.remote.codec.w3c.W3CHttpResponseCodec.createException(W3CHttpResponseCodec.java:199)\n\tat org.openqa.selenium.remote.codec.w3c.W3CHttpResponseCodec.decode(W3CHttpResponseCodec.java:132)\n\tat org.openqa.selenium.remote.codec.w3c.W3CHttpResponseCodec.decode(W3CHttpResponseCodec.java:51)\n\tat org.openqa.selenium.remote.HttpCommandExecutor.execute(HttpCommandExecutor.java:191)\n\tat org.openqa.selenium.remote.RemoteWebDriver.execute(RemoteWebDriver.java:531)\n\tat org.openqa.selenium.remote.ElementLocation$ElementFinder$2.findElement(ElementLocation.java:165)\n\tat org.openqa.selenium.remote.ElementLocation.findElement(ElementLocation.java:59)\n\tat org.openqa.selenium.remote.RemoteWebDriver.findElement(RemoteWebDriver.java:350)\n\tat org.openqa.selenium.remote.RemoteWebDriver.findElement(RemoteWebDriver.java:344)\n\tat com.codeborne.selenide.impl.WebElementSelector.findElement(WebElementSelector.java:70)\n\tat com.codeborne.selenide.impl.WebElementSelector.findElement(WebElementSelector.java:44)\n\tat com.codeborne.selenide.impl.WebElementSelector.findElement(WebElementSelector.java:33)\n\tat com.codeborne.selenide.impl.ElementFinder.getWebElement(ElementFinder.java:122)\n\tat com.codeborne.selenide.impl.WebElementSource.checkConditionAndReturnElement(WebElementSource.java:116)\n\t... 155 more\n","steps":[{"name":"$(\"#site-search-input\") should be(visible)","time":{"start":1690191882970,"stop":1690191914221,"duration":31251},"status":"failed","statusMessage":"Element not found {#site-search-input}\nExpected: visible\nScreenshot: file:/home/runner/work/Shopping/Shopping/build/reports/tests/1690191913073.7.png\nPage source: file:/home/runner/work/Shopping/Shopping/build/reports/tests/1690191913073.7.html\nTimeout: 30 s.\nCaused by: NoSuchElementException: no such element: Unable to locate element: {\"method\":\"css selector\",\"selector\":\"#site-search-input\"}","statusTrace":"Element not found {#site-search-input}\nExpected: visible\nScreenshot: file:/home/runner/work/Shopping/Shopping/build/reports/tests/1690191913073.7.png\nPage source: file:/home/runner/work/Shopping/Shopping/build/reports/tests/1690191913073.7.html\nTimeout: 30 s.\nCaused by: NoSuchElementException: no such element: Unable to locate element: {\"method\":\"css selector\",\"selector\":\"#site-search-input\"}\n\tat com.codeborne.selenide.impl.WebElementSource.createElementNotFoundError(WebElementSource.java:91)\n\tat com.codeborne.selenide.impl.ElementFinder.createElementNotFoundError(ElementFinder.java:142)\n\tat com.codeborne.selenide.impl.WebElementSource.handleError(WebElementSource.java:143)\n\tat com.codeborne.selenide.impl.WebElementSource.checkConditionAndReturnElement(WebElementSource.java:127)\n\tat com.codeborne.selenide.impl.WebElementSource.checkCondition(WebElementSource.java:104)\n\tat com.codeborne.selenide.commands.Should.execute(Should.java:30)\n\tat com.codeborne.selenide.commands.Should.execute(Should.java:14)\n\tat com.codeborne.selenide.commands.Commands.execute(Commands.java:162)\n\tat com.codeborne.selenide.impl.SelenideElementProxy.dispatchAndRetry(SelenideElementProxy.java:132)\n\tat com.codeborne.selenide.impl.SelenideElementProxy.invoke(SelenideElementProxy.java:84)\n\tat jdk.proxy3/jdk.proxy3.$Proxy32.shouldBe(Unknown Source)\n\tat pages.SearchPages.inputWord(SearchPages.java:26)\n\tat sanity.SearchResults.checkingTheCorrectionOfSearchResults(SearchResults.java:32)\n\tat java.base/jdk.internal.reflect.NativeMethodAccessorImpl.invoke0(Native Method)\n\tat java.base/jdk.internal.reflect.NativeMethodAccessorImpl.invoke(NativeMethodAccessorImpl.java:77)\n\tat java.base/jdk.internal.reflect.DelegatingMethodAccessorImpl.invoke(DelegatingMethodAccessorImpl.java:43)\n\tat java.base/java.lang.reflect.Method.invoke(Method.java:568)\n\tat org.junit.platform.commons.util.ReflectionUtils.invokeMethod(ReflectionUtils.java:727)\n\tat org.junit.jupiter.engine.execution.MethodInvocation.proceed(MethodInvocation.java:60)\n\tat org.junit.jupiter.engine.execution.InvocationInterceptorChain$ValidatingInvocation.proceed(InvocationInterceptorChain.java:131)\n\tat io.qameta.allure.junit5.AllureJunit5.interceptTestTemplateMethod(AllureJunit5.java:59)\n\tat org.junit.jupiter.engine.execution.InterceptingExecutableInvoker$ReflectiveInterceptorCall.lambda$ofVoidMethod$0(InterceptingExecutableInvoker.java:103)\n\tat org.junit.jupiter.engine.execution.InterceptingExecutableInvoker.lambda$invoke$0(InterceptingExecutableInvoker.java:93)\n\tat org.junit.jupiter.engine.execution.InvocationInterceptorChain$InterceptedInvocation.proceed(InvocationInterceptorChain.java:106)\n\tat org.junit.jupiter.engine.extension.TimeoutExtension.intercept(TimeoutExtension.java:156)\n\tat org.junit.jupiter.engine.extension.TimeoutExtension.interceptTestableMethod(TimeoutExtension.java:147)\n\tat org.junit.jupiter.engine.extension.TimeoutExtension.interceptTestTemplateMethod(TimeoutExtension.java:94)\n\tat org.junit.jupiter.engine.execution.InterceptingExecutableInvoker$ReflectiveInterceptorCall.lambda$ofVoidMethod$0(InterceptingExecutableInvoker.java:103)\n\tat org.junit.jupiter.engine.execution.InterceptingExecutableInvoker.lambda$invoke$0(InterceptingExecutableInvoker.java:93)\n\tat org.junit.jupiter.engine.execution.InvocationInterceptorChain$InterceptedInvocation.proceed(InvocationInterceptorChain.java:106)\n\tat org.junit.jupiter.engine.execution.InvocationInterceptorChain.proceed(InvocationInterceptorChain.java:64)\n\tat org.junit.jupiter.engine.execution.InvocationInterceptorChain.chainAndInvoke(InvocationInterceptorChain.java:45)\n\tat org.junit.jupiter.engine.execution.InvocationInterceptorChain.invoke(InvocationInterceptorChain.java:37)\n\tat org.junit.jupiter.engine.execution.InterceptingExecutableInvoker.invoke(InterceptingExecutableInvoker.java:92)\n\tat org.junit.jupiter.engine.execution.InterceptingExecutableInvoker.invoke(InterceptingExecutableInvoker.java:86)\n\tat org.junit.jupiter.engine.descriptor.TestMethodTestDescriptor.lambda$invokeTestMethod$7(TestMethodTestDescriptor.java:217)\n\tat org.junit.platform.engine.support.hierarchical.ThrowableCollector.execute(ThrowableCollector.java:73)\n\tat org.junit.jupiter.engine.descriptor.TestMethodTestDescriptor.invokeTestMethod(TestMethodTestDescriptor.java:213)\n\tat org.junit.jupiter.engine.descriptor.TestMethodTestDescriptor.execute(TestMethodTestDescriptor.java:138)\n\tat org.junit.jupiter.engine.descriptor.TestMethodTestDescriptor.execute(TestMethodTestDescriptor.java:68)\n\tat org.junit.platform.engine.support.hierarchical.NodeTestTask.lambda$executeRecursively$6(NodeTestTask.java:151)\n\tat org.junit.platform.engine.support.hierarchical.ThrowableCollector.execute(ThrowableCollector.java:73)\n\tat org.junit.platform.engine.support.hierarchical.NodeTestTask.lambda$executeRecursively$8(NodeTestTask.java:141)\n\tat org.junit.platform.engine.support.hierarchical.Node.around(Node.java:137)\n\tat org.junit.platform.engine.support.hierarchical.NodeTestTask.lambda$executeRecursively$9(NodeTestTask.java:139)\n\tat org.junit.platform.engine.support.hierarchical.ThrowableCollector.execute(ThrowableCollector.java:73)\n\tat org.junit.platform.engine.support.hierarchical.NodeTestTask.executeRecursively(NodeTestTask.java:138)\n\tat org.junit.platform.engine.support.hierarchical.NodeTestTask.execute(NodeTestTask.java:95)\n\tat org.junit.platform.engine.support.hierarchical.SameThreadHierarchicalTestExecutorService.submit(SameThreadHierarchicalTestExecutorService.java:35)\n\tat org.junit.platform.engine.support.hierarchical.NodeTestTask$DefaultDynamicTestExecutor.execute(NodeTestTask.java:226)\n\tat org.junit.platform.engine.support.hierarchical.NodeTestTask$DefaultDynamicTestExecutor.execute(NodeTestTask.java:204)\n\tat org.junit.jupiter.engine.descriptor.TestTemplateTestDescriptor.execute(TestTemplateTestDescriptor.java:142)\n\tat org.junit.jupiter.engine.descriptor.TestTemplateTestDescriptor.lambda$execute$2(TestTemplateTestDescriptor.java:110)\n\tat java.base/java.util.stream.ForEachOps$ForEachOp$OfRef.accept(ForEachOps.java:183)\n\tat java.base/java.util.stream.ReferencePipeline$3$1.accept(ReferencePipeline.java:197)\n\tat java.base/java.util.stream.ReferencePipeline$2$1.accept(ReferencePipeline.java:179)\n\tat java.base/java.util.stream.ReferencePipeline$3$1.accept(ReferencePipeline.java:197)\n\tat java.base/java.util.stream.ForEachOps$ForEachOp$OfRef.accept(ForEachOps.java:183)\n\tat java.base/java.util.stream.ReferencePipeline$3$1.accept(ReferencePipeline.java:197)\n\tat java.base/java.util.stream.ReferencePipeline$3$1.accept(ReferencePipeline.java:197)\n\tat java.base/java.util.stream.ReferencePipeline$3$1.accept(ReferencePipeline.java:197)\n\tat java.base/java.util.stream.ForEachOps$ForEachOp$OfRef.accept(ForEachOps.java:183)\n\tat java.base/java.util.Iterator.forEachRemaining(Iterator.java:133)\n\tat java.base/java.util.Spliterators$IteratorSpliterator.forEachRemaining(Spliterators.java:1845)\n\tat java.base/java.util.stream.ReferencePipeline$Head.forEach(ReferencePipeline.java:762)\n\tat java.base/java.util.stream.ReferencePipeline$7$1.accept(ReferencePipeline.java:276)\n\tat java.base/java.util.stream.ReferencePipeline$3$1.accept(ReferencePipeline.java:197)\n\tat java.base/java.util.stream.ReferencePipeline$3$1.accept(ReferencePipeline.java:197)\n\tat java.base/java.util.ArrayList$ArrayListSpliterator.forEachRemaining(ArrayList.java:1625)\n\tat java.base/java.util.stream.AbstractPipeline.copyInto(AbstractPipeline.java:509)\n\tat java.base/java.util.stream.AbstractPipeline.wrapAndCopyInto(AbstractPipeline.java:499)\n\tat java.base/java.util.stream.ForEachOps$ForEachOp.evaluateSequential(ForEachOps.java:150)\n\tat java.base/java.util.stream.ForEachOps$ForEachOp$OfRef.evaluateSequential(ForEachOps.java:173)\n\tat java.base/java.util.stream.AbstractPipeline.evaluate(AbstractPipeline.java:234)\n\tat java.base/java.util.stream.ReferencePipeline.forEach(ReferencePipeline.java:596)\n\tat java.base/java.util.stream.ReferencePipeline$7$1.accept(ReferencePipeline.java:276)\n\tat java.base/java.util.stream.ReferencePipeline$3$1.accept(ReferencePipeline.java:197)\n\tat java.base/java.util.stream.ReferencePipeline$3$1.accept(ReferencePipeline.java:197)\n\tat java.base/java.util.stream.ReferencePipeline$3$1.accept(ReferencePipeline.java:197)\n\tat java.base/java.util.ArrayList$ArrayListSpliterator.forEachRemaining(ArrayList.java:1625)\n\tat java.base/java.util.stream.AbstractPipeline.copyInto(AbstractPipeline.java:509)\n\tat java.base/java.util.stream.AbstractPipeline.wrapAndCopyInto(AbstractPipeline.java:499)\n\tat java.base/java.util.stream.ForEachOps$ForEachOp.evaluateSequential(ForEachOps.java:150)\n\tat java.base/java.util.stream.ForEachOps$ForEachOp$OfRef.evaluateSequential(ForEachOps.java:173)\n\tat java.base/java.util.stream.AbstractPipeline.evaluate(AbstractPipeline.java:234)\n\tat java.base/java.util.stream.ReferencePipeline.forEach(ReferencePipeline.java:596)\n\tat java.base/java.util.stream.ReferencePipeline$7$1.accept(ReferencePipeline.java:276)\n\tat java.base/java.util.ArrayList$ArrayListSpliterator.forEachRemaining(ArrayList.java:1625)\n\tat java.base/java.util.stream.AbstractPipeline.copyInto(AbstractPipeline.java:509)\n\tat java.base/java.util.stream.AbstractPipeline.wrapAndCopyInto(AbstractPipeline.java:499)\n\tat java.base/java.util.stream.ForEachOps$ForEachOp.evaluateSequential(ForEachOps.java:150)\n\tat java.base/java.util.stream.ForEachOps$ForEachOp$OfRef.evaluateSequential(ForEachOps.java:173)\n\tat java.base/java.util.stream.AbstractPipeline.evaluate(AbstractPipeline.java:234)\n\tat java.base/java.util.stream.ReferencePipeline.forEach(ReferencePipeline.java:596)\n\tat org.junit.jupiter.engine.descriptor.TestTemplateTestDescriptor.execute(TestTemplateTestDescriptor.java:110)\n\tat org.junit.jupiter.engine.descriptor.TestTemplateTestDescriptor.execute(TestTemplateTestDescriptor.java:44)\n\tat org.junit.platform.engine.support.hierarchical.NodeTestTask.lambda$executeRecursively$6(NodeTestTask.java:151)\n\tat org.junit.platform.engine.support.hierarchical.ThrowableCollector.execute(ThrowableCollector.java:73)\n\tat org.junit.platform.engine.support.hierarchical.NodeTestTask.lambda$executeRecursively$8(NodeTestTask.java:141)\n\tat org.junit.platform.engine.support.hierarchical.Node.around(Node.java:137)\n\tat org.junit.platform.engine.support.hierarchical.NodeTestTask.lambda$executeRecursively$9(NodeTestTask.java:139)\n\tat org.junit.platform.engine.support.hierarchical.ThrowableCollector.execute(ThrowableCollector.java:73)\n\tat org.junit.platform.engine.support.hierarchical.NodeTestTask.executeRecursively(NodeTestTask.java:138)\n\tat org.junit.platform.engine.support.hierarchical.NodeTestTask.execute(NodeTestTask.java:95)\n\tat java.base/java.util.ArrayList.forEach(ArrayList.java:1511)\n\tat org.junit.platform.engine.support.hierarchical.SameThreadHierarchicalTestExecutorService.invokeAll(SameThreadHierarchicalTestExecutorService.java:41)\n\tat org.junit.platform.engine.support.hierarchical.NodeTestTask.lambda$executeRecursively$6(NodeTestTask.java:155)\n\tat org.junit.platform.engine.support.hierarchical.ThrowableCollector.execute(ThrowableCollector.java:73)\n\tat org.junit.platform.engine.support.hierarchical.NodeTestTask.lambda$executeRecursively$8(NodeTestTask.java:141)\n\tat org.junit.platform.engine.support.hierarchical.Node.around(Node.java:137)\n\tat org.junit.platform.engine.support.hierarchical.NodeTestTask.lambda$executeRecursively$9(NodeTestTask.java:139)\n\tat org.junit.platform.engine.support.hierarchical.ThrowableCollector.execute(ThrowableCollector.java:73)\n\tat org.junit.platform.engine.support.hierarchical.NodeTestTask.executeRecursively(NodeTestTask.java:138)\n\tat org.junit.platform.engine.support.hierarchical.NodeTestTask.execute(NodeTestTask.java:95)\n\tat java.base/java.util.ArrayList.forEach(ArrayList.java:1511)\n\tat org.junit.platform.engine.support.hierarchical.SameThreadHierarchicalTestExecutorService.invokeAll(SameThreadHierarchicalTestExecutorService.java:41)\n\tat org.junit.platform.engine.support.hierarchical.NodeTestTask.lambda$executeRecursively$6(NodeTestTask.java:155)\n\tat org.junit.platform.engine.support.hierarchical.ThrowableCollector.execute(ThrowableCollector.java:73)\n\tat org.junit.platform.engine.support.hierarchical.NodeTestTask.lambda$executeRecursively$8(NodeTestTask.java:141)\n\tat org.junit.platform.engine.support.hierarchical.Node.around(Node.java:137)\n\tat org.junit.platform.engine.support.hierarchical.NodeTestTask.lambda$executeRecursively$9(NodeTestTask.java:139)\n\tat org.junit.platform.engine.support.hierarchical.ThrowableCollector.execute(ThrowableCollector.java:73)\n\tat org.junit.platform.engine.support.hierarchical.NodeTestTask.executeRecursively(NodeTestTask.java:138)\n\tat org.junit.platform.engine.support.hierarchical.NodeTestTask.execute(NodeTestTask.java:95)\n\tat org.junit.platform.engine.support.hierarchical.SameThreadHierarchicalTestExecutorService.submit(SameThreadHierarchicalTestExecutorService.java:35)\n\tat org.junit.platform.engine.support.hierarchical.HierarchicalTestExecutor.execute(HierarchicalTestExecutor.java:57)\n\tat org.junit.platform.engine.support.hierarchical.HierarchicalTestEngine.execute(HierarchicalTestEngine.java:54)\n\tat org.junit.platform.launcher.core.EngineExecutionOrchestrator.execute(EngineExecutionOrchestrator.java:147)\n\tat org.junit.platform.launcher.core.EngineExecutionOrchestrator.execute(EngineExecutionOrchestrator.java:127)\n\tat org.junit.platform.launcher.core.EngineExecutionOrchestrator.execute(EngineExecutionOrchestrator.java:90)\n\tat org.junit.platform.launcher.core.EngineExecutionOrchestrator.lambda$execute$0(EngineExecutionOrchestrator.java:55)\n\tat org.junit.platform.launcher.core.EngineExecutionOrchestrator.withInterceptedStreams(EngineExecutionOrchestrator.java:102)\n\tat org.junit.platform.launcher.core.EngineExecutionOrchestrator.execute(EngineExecutionOrchestrator.java:54)\n\tat org.junit.platform.launcher.core.DefaultLauncher.execute(DefaultLauncher.java:114)\n\tat org.junit.platform.launcher.core.DefaultLauncher.execute(DefaultLauncher.java:86)\n\tat org.junit.platform.launcher.core.DefaultLauncherSession$DelegatingLauncher.execute(DefaultLauncherSession.java:86)\n\tat org.junit.platform.launcher.core.SessionPerRequestLauncher.execute(SessionPerRequestLauncher.java:53)\n\tat org.gradle.api.internal.tasks.testing.junitplatform.JUnitPlatformTestClassProcessor$CollectAllTestClassesExecutor.processAllTestClasses(JUnitPlatformTestClassProcessor.java:99)\n\tat org.gradle.api.internal.tasks.testing.junitplatform.JUnitPlatformTestClassProcessor$CollectAllTestClassesExecutor.access$000(JUnitPlatformTestClassProcessor.java:79)\n\tat org.gradle.api.internal.tasks.testing.junitplatform.JUnitPlatformTestClassProcessor.stop(JUnitPlatformTestClassProcessor.java:75)\n\tat org.gradle.api.internal.tasks.testing.SuiteTestClassProcessor.stop(SuiteTestClassProcessor.java:62)\n\tat java.base/jdk.internal.reflect.NativeMethodAccessorImpl.invoke0(Native Method)\n\tat java.base/jdk.internal.reflect.NativeMethodAccessorImpl.invoke(NativeMethodAccessorImpl.java:77)\n\tat java.base/jdk.internal.reflect.DelegatingMethodAccessorImpl.invoke(DelegatingMethodAccessorImpl.java:43)\n\tat java.base/java.lang.reflect.Method.invoke(Method.java:568)\n\tat org.gradle.internal.dispatch.ReflectionDispatch.dispatch(ReflectionDispatch.java:36)\n\tat org.gradle.internal.dispatch.ReflectionDispatch.dispatch(ReflectionDispatch.java:24)\n\tat org.gradle.internal.dispatch.ContextClassLoaderDispatch.dispatch(ContextClassLoaderDispatch.java:33)\n\tat org.gradle.internal.dispatch.ProxyDispatchAdapter$DispatchingInvocationHandler.invoke(ProxyDispatchAdapter.java:94)\n\tat jdk.proxy1/jdk.proxy1.$Proxy2.stop(Unknown Source)\n\tat org.gradle.api.internal.tasks.testing.worker.TestWorker$3.run(TestWorker.java:193)\n\tat org.gradle.api.internal.tasks.testing.worker.TestWorker.executeAndMaintainThreadName(TestWorker.java:129)\n\tat org.gradle.api.internal.tasks.testing.worker.TestWorker.execute(TestWorker.java:100)\n\tat org.gradle.api.internal.tasks.testing.worker.TestWorker.execute(TestWorker.java:60)\n\tat org.gradle.process.internal.worker.child.ActionExecutionWorker.execute(ActionExecutionWorker.java:56)\n\tat org.gradle.process.internal.worker.child.SystemApplicationClassLoaderWorker.call(SystemApplicationClassLoaderWorker.java:113)\n\tat org.gradle.process.internal.worker.child.SystemApplicationClassLoaderWorker.call(SystemApplicationClassLoaderWorker.java:65)\n\tat worker.org.gradle.process.internal.worker.GradleWorkerMain.run(GradleWorkerMain.java:69)\n\tat worker.org.gradle.process.internal.worker.GradleWorkerMain.main(GradleWorkerMain.java:74)\nCaused by: org.openqa.selenium.NoSuchElementException: no such element: Unable to locate element: {\"method\":\"css selector\",\"selector\":\"#site-search-input\"}\n  (Session info: chrome=100.0.4896.60)\nFor documentation on this error, please visit: https://www.selenium.dev/documentation/webdriver/troubleshooting/errors#no-such-element-exception\nBuild info: version: '4.10.0', revision: 'c14d967899'\nSystem info: os.name: 'Linux', os.arch: 'amd64', os.version: '5.15.0-1041-azure', java.version: '17.0.8'\nDriver info: org.openqa.selenium.remote.RemoteWebDriver\nCommand: [5cddcc02a25f95381d09b87da15cd021, findElement {using=css selector, value=#site-search-input}]\nCapabilities {acceptInsecureCerts: true, browserName: chrome, browserVersion: 100.0.4896.60, chrome: {chromedriverVersion: 100.0.4896.20 (f9d71f93d32a..., userDataDir: /tmp/.com.google.Chrome.FvfDOS}, goog:chromeOptions: {debuggerAddress: localhost:42995}, networkConnectionEnabled: false, pageLoadStrategy: eager, platformName: linux, proxy: Proxy(), setWindowRect: true, strictFileInteractability: false, timeouts: {implicit: 0, pageLoad: 300000, script: 30000}, unhandledPromptBehavior: accept, webauthn:extension:credBlob: true, webauthn:extension:largeBlob: true, webauthn:virtualAuthenticators: true}\nSession ID: 5cddcc02a25f95381d09b87da15cd021\n\tat jdk.internal.reflect.GeneratedConstructorAccessor12.newInstance(Unknown Source)\n\tat java.base/jdk.internal.reflect.DelegatingConstructorAccessorImpl.newInstance(DelegatingConstructorAccessorImpl.java:45)\n\tat java.base/java.lang.reflect.Constructor.newInstanceWithCaller(Constructor.java:499)\n\tat java.base/java.lang.reflect.Constructor.newInstance(Constructor.java:480)\n\tat org.openqa.selenium.remote.codec.w3c.W3CHttpResponseCodec.createException(W3CHttpResponseCodec.java:199)\n\tat org.openqa.selenium.remote.codec.w3c.W3CHttpResponseCodec.decode(W3CHttpResponseCodec.java:132)\n\tat org.openqa.selenium.remote.codec.w3c.W3CHttpResponseCodec.decode(W3CHttpResponseCodec.java:51)\n\tat org.openqa.selenium.remote.HttpCommandExecutor.execute(HttpCommandExecutor.java:191)\n\tat org.openqa.selenium.remote.RemoteWebDriver.execute(RemoteWebDriver.java:531)\n\tat org.openqa.selenium.remote.ElementLocation$ElementFinder$2.findElement(ElementLocation.java:165)\n\tat org.openqa.selenium.remote.ElementLocation.findElement(ElementLocation.java:59)\n\tat org.openqa.selenium.remote.RemoteWebDriver.findElement(RemoteWebDriver.java:350)\n\tat org.openqa.selenium.remote.RemoteWebDriver.findElement(RemoteWebDriver.java:344)\n\tat com.codeborne.selenide.impl.WebElementSelector.findElement(WebElementSelector.java:70)\n\tat com.codeborne.selenide.impl.WebElementSelector.findElement(WebElementSelector.java:44)\n\tat com.codeborne.selenide.impl.WebElementSelector.findElement(WebElementSelector.java:33)\n\tat com.codeborne.selenide.impl.ElementFinder.getWebElement(ElementFinder.java:122)\n\tat com.codeborne.selenide.impl.WebElementSource.checkConditionAndReturnElement(WebElementSource.java:116)\n\t... 155 more\n","steps":[],"attachments":[{"uid":"1de175ed7884c790","name":"Screenshot","source":"1de175ed7884c790.png","type":"image/png","size":15014},{"uid":"64e4e0af4a76be28","name":"Page source","source":"64e4e0af4a76be28.html","type":"text/html","size":534}],"parameters":[],"stepsCount":0,"attachmentsCount":2,"shouldDisplayMessage":true,"hasContent":true}],"attachments":[],"parameters":[{"name":"value","value":"Бопинки"}],"stepsCount":1,"attachmentsCount":2,"shouldDisplayMessage":false,"hasContent":true}],"attachments":[],"parameters":[],"stepsCount":4,"attachmentsCount":2,"shouldDisplayMessage":false,"hasContent":true},"afterStages":[{"name":"addAttachments","time":{"start":1690191914222,"stop":1690191914882,"duration":660},"status":"passed","steps":[],"attachments":[{"uid":"18c41713103d9529","name":"Browser console logs","source":"18c41713103d9529.txt","type":"text/plain","size":150},{"uid":"8a68ea4399b0282a","name":"Last screenshot","source":"8a68ea4399b0282a.png","type":"image/png","size":15014},{"uid":"bea6b9d67c3bf96d","name":"Video","source":"bea6b9d67c3bf96d.html","type":"text/html","size":193}],"parameters":[],"stepsCount":0,"attachmentsCount":3,"shouldDisplayMessage":false,"hasContent":true}],"labels":[{"name":"tag","value":"sanity"},{"name":"tag","value":"search"},{"name":"junit.platform.uniqueid","value":"[engine:junit-jupiter]/[class:sanity.SearchResults]/[test-template:checkingTheCorrectionOfSearchResults(java.lang.String, java.lang.String)]/[test-template-invocation:#3]"},{"name":"feature","value":"Поиск"},{"name":"story","value":"Успешное исправление результатов"},{"name":"owner","value":"Ofitserov"},{"name":"host","value":"fv-az507-546"},{"name":"thread","value":"2884@fv-az507-546.Test worker(1)"},{"name":"framework","value":"junit-platform"},{"name":"language","value":"java"},{"name":"package","value":"sanity.SearchResults"},{"name":"testClass","value":"sanity.SearchResults"},{"name":"testMethod","value":"checkingTheCorrectionOfSearchResults"},{"name":"suite","value":"sanity.SearchResults"},{"name":"severity","value":"minor"},{"name":"resultFormat","value":"allure2"}],"parameters":[{"name":"arg0","value":"Бопинки"},{"name":"arg1","value":"Ботинки"}],"links":[{"name":"US","url":"https://confluence.shoppinglive.local/","type":"custom"}],"hidden":false,"retry":false,"extra":{"severity":"minor","owner":"Ofitserov","retries":[],"categories":[{"name":"Product defects","matchedStatuses":[],"flaky":false}],"history":{"statistic":{"failed":12,"broken":0,"skipped":0,"passed":17,"unknown":0,"total":29},"items":[{"uid":"cdfa207565a54909","reportUrl":"https://IIep4er.github.io/Shopping/54//#testresult/cdfa207565a54909","status":"failed","statusDetails":"Element not found {#site-search-input}\nExpected: visible\nScreenshot: file:/home/runner/work/Shopping/Shopping/build/reports/tests/1690191683667.7.png\nPage source: file:/home/runner/work/Shopping/Shopping/build/reports/tests/1690191683667.7.html\nTimeout: 30 s.\nCaused by: NoSuchElementException: no such element: Unable to locate element: {\"method\":\"css selector\",\"selector\":\"#site-search-input\"}","time":{"start":1690191648350,"stop":1690191684092,"duration":35742}},{"uid":"6735eecd9ac9ff3a","reportUrl":"https://IIep4er.github.io/Shopping/53//#testresult/6735eecd9ac9ff3a","status":"passed","time":{"start":1689949166848,"stop":1689949178256,"duration":11408}},{"uid":"36e11615f547649c","reportUrl":"https://IIep4er.github.io/Shopping/52//#testresult/36e11615f547649c","status":"failed","statusDetails":"Element should have text \"Ботинки\" {div.digi-products-grid_horde}\nElement: '<div class=\"digi-products-grid digi-products-grid_horde\">Купить\n3 999 ₽\n6 999 ₽\n-42%\nNominee\nЮбка\n42\n44\n46\n48\n50\n52\n54\n56\n58\nКупить\n12 999 ₽\nBianca\nблузка\n46\n48\n50\n52\n54\n56\nКупить\n8 999 ₽\nUNQ\nБлузка\n42\n44\nКупить\n3 999 ₽\nAlice Pi\nфутболка\n10/140\n12/152\n14/164\n4/104\n6/116\n8/128\nКупить\n3 999 ₽\n6 999 ₽\n-42%\nNominee\nЮбка\n42\n44\n48\n50\n52\n54\n56\n58\n60\nКупить\n8 999 ₽\nBulmer\nБрюки в полоску с боковыми карманами\n48\n50\n52\n54\nКупить\n1 199 ₽\nPassegiata\nТекстильная брошь в форме цветка\nединыйразмер\nКупить\n13 999 ₽\nPassegiata\nСумка - тележка\nКупить\n10 499 ₽\n12 999 ₽\n-19%\nBulmer\nКуртка на молнии с полосатым узором\n44\n46\n48\n50\n52\n54\n56\nКупить\n14 999 ₽\n15 999 ₽\n-6%\nNamida\nКолье двухуровневое с массивной вставкой в стиле \"барокко\"\nonesize\nКупить\n1 999 ₽\nLilly Bennet\nLilly Bennet Блузка\n52\n54\nКупить\n3 999 ₽\n7 999 ₽\n-50%\nArvino\nКольцо с вставкой ромбовидной формы из бирюзы\n18\nКупить\n12 999 ₽\nEdelZeit\nEdelzeit Покрывало Горностай\nКупить\n1 299 ₽\n3 999 ₽\n-67%\nMikronesse\nMikronesse Декоративные чехлы на подушку Цветущие бутоны\nКупить\n7 999 ₽\n18 999 ₽\n-57%\nSteve Madden\nТуфли\n38\n39\n40\n41\nКупить\n1 799 ₽\n5 999 ₽\n-70%\nClever\nClever Надувной лежак 2 шт.\n200*70*50см\nКупить\n399 ₽\n1 299 ₽\n-69%\nClever\nClever Подушка для сидения Дольче Вита\nКупить\n1 699 ₽\n3 499 ₽\n-51%\nClever\nClever Этажерка угловая на колесиках\nКупить\n2 999 ₽\n6 999 ₽\n-57%\nFresh Jewelry\nСерьги звездообразной формы с двумя видами покрытия\nКупить\n1 299 ₽\n3 999 ₽\n-67%\nMikronesse\nMikronesse Декоративные чехлы на подушку Закатные дюны</div>'\nActual value: text=\"Купить\n3 999 ₽\n6 999 ₽\n-42%\nNominee\nЮбка\n42\n44\n46\n48\n50\n52\n54\n56\n58\nКупить\n12 999 ₽\nBianca\nблузка\n46\n48\n50\n52\n54\n56\nКупить\n8 999 ₽\nUNQ\nБлузка\n42\n44\nКупить\n3 999 ₽\nAlice Pi\nфутболка\n10/140\n12/152\n14/164\n4/104\n6/116\n8/128\nКупить\n3 999 ₽\n6 999 ₽\n-42%\nNominee\nЮбка\n42\n44\n48\n50\n52\n54\n56\n58\n60\nКупить\n8 999 ₽\nBulmer\nБрюки в полоску с боковыми карманами\n48\n50\n52\n54\nКупить\n1 199 ₽\nPassegiata\nТекстильная брошь в форме цветка\nединыйразмер\nКупить\n13 999 ₽\nPassegiata\nСумка - тележка\nКупить\n10 499 ₽\n12 999 ₽\n-19%\nBulmer\nКуртка на молнии с полосатым узором\n44\n46\n48\n50\n52\n54\n56\nКупить\n14 999 ₽\n15 999 ₽\n-6%\nNamida\nКолье двухуровневое с массивной вставкой в стиле \"барокко\"\nonesize\nКупить\n1 999 ₽\nLilly Bennet\nLilly Bennet Блузка\n52\n54\nКупить\n3 999 ₽\n7 999 ₽\n-50%\nArvino\nКольцо с вставкой ромбовидной формы из бирюзы\n18\nКупить\n12 999 ₽\nEdelZeit\nEdelzeit Покрывало Горностай\nКупить\n1 299 ₽\n3 999 ₽\n-67%\nMikronesse\nMikronesse Декоративные чехлы на подушку Цветущие бутоны\nКупить\n7 999 ₽\n18 999 ₽\n-57%\nSteve Madden\nТуфли\n38\n39\n40\n41\nКупить\n1 799 ₽\n5 999 ₽\n-70%\nClever\nClever Надувной лежак 2 шт.\n200*70*50см\nКупить\n399 ₽\n1 299 ₽\n-69%\nClever\nClever Подушка для сидения Дольче Вита\nКупить\n1 699 ₽\n3 499 ₽\n-51%\nClever\nClever Этажерка угловая на колесиках\nКупить\n2 999 ₽\n6 999 ₽\n-57%\nFresh Jewelry\nСерьги звездообразной формы с двумя видами покрытия\nКупить\n1 299 ₽\n3 999 ₽\n-67%\nMikronesse\nMikronesse Декоративные чехлы на подушку Закатные дюны\"\nScreenshot: file:/home/runner/work/Shopping/Shopping/build/reports/tests/1689884809533.3.png\nPage source: file:/home/runner/work/Shopping/Shopping/build/reports/tests/1689884809533.3.html\nTimeout: 30 s.","time":{"start":1689884771553,"stop":1689884810927,"duration":39374}},{"uid":"3e6cde699fcdd128","reportUrl":"https://IIep4er.github.io/Shopping/51//#testresult/3e6cde699fcdd128","status":"failed","statusDetails":"Element should have text \"Ботинки\" {div.digi-products-grid_horde}\nElement: '<div class=\"digi-products-grid digi-products-grid_horde\">Купить\n3 999 ₽\n6 999 ₽\n-42%\nNominee\nЮбка\n42\n44\n46\n48\n50\n52\n54\n56\n58\nКупить\n12 999 ₽\nBianca\nблузка\n46\n48\n50\n52\n54\n56\nКупить\n8 999 ₽\nUNQ\nБлузка\n42\n44\nКупить\n3 999 ₽\nAlice Pi\nфутболка\n10/140\n12/152\n14/164\n4/104\n6/116\n8/128\nКупить\n3 999 ₽\n6 999 ₽\n-42%\nNominee\nЮбка\n42\n44\n48\n50\n52\n54\n56\n58\n60\nКупить\n8 999 ₽\nBulmer\nБрюки в полоску с боковыми карманами\n48\n50\n52\n54\nКупить\n1 199 ₽\nPassegiata\nТекстильная брошь в форме цветка\nединыйразмер\nКупить\n13 999 ₽\nPassegiata\nСумка - тележка\nКупить\n10 499 ₽\n12 999 ₽\n-19%\nBulmer\nКуртка на молнии с полосатым узором\n44\n46\n48\n50\n52\n54\n56\nКупить\n14 999 ₽\n15 999 ₽\n-6%\nNamida\nКолье двухуровневое с массивной вставкой в стиле \"барокко\"\nonesize\nКупить\n1 999 ₽\nLilly Bennet\nLilly Bennet Блузка\n52\n54\nКупить\n3 999 ₽\n7 999 ₽\n-50%\nArvino\nКольцо с вставкой ромбовидной формы из бирюзы\n18\nКупить\n12 999 ₽\nEdelZeit\nEdelzeit Покрывало Горностай\nКупить\n7 999 ₽\n18 999 ₽\n-57%\nSteve Madden\nТуфли\n38\n40\n41\nКупить\n1 299 ₽\n3 999 ₽\n-67%\nMikronesse\nMikronesse Декоративные чехлы на подушку Цветущие бутоны\nКупить\n1 799 ₽\n5 999 ₽\n-70%\nClever\nClever Надувной лежак 2 шт.\n200*70*50см\nКупить\n399 ₽\n1 299 ₽\n-69%\nClever\nClever Подушка для сидения Дольче Вита\nКупить\n1 699 ₽\n3 499 ₽\n-51%\nClever\nClever Этажерка угловая на колесиках\nКупить\n7 999 ₽\n18 999 ₽\n-57%\nSteve Madden\nТуфли\n38\n39\n40\n41\nКупить\n2 999 ₽\n6 999 ₽\n-57%\nFresh Jewelry\nСерьги звездообразной формы с двумя видами покрытия</div>'\nActual value: text=\"Купить\n3 999 ₽\n6 999 ₽\n-42%\nNominee\nЮбка\n42\n44\n46\n48\n50\n52\n54\n56\n58\nКупить\n12 999 ₽\nBianca\nблузка\n46\n48\n50\n52\n54\n56\nКупить\n8 999 ₽\nUNQ\nБлузка\n42\n44\nКупить\n3 999 ₽\nAlice Pi\nфутболка\n10/140\n12/152\n14/164\n4/104\n6/116\n8/128\nКупить\n3 999 ₽\n6 999 ₽\n-42%\nNominee\nЮбка\n42\n44\n48\n50\n52\n54\n56\n58\n60\nКупить\n8 999 ₽\nBulmer\nБрюки в полоску с боковыми карманами\n48\n50\n52\n54\nКупить\n1 199 ₽\nPassegiata\nТекстильная брошь в форме цветка\nединыйразмер\nКупить\n13 999 ₽\nPassegiata\nСумка - тележка\nКупить\n10 499 ₽\n12 999 ₽\n-19%\nBulmer\nКуртка на молнии с полосатым узором\n44\n46\n48\n50\n52\n54\n56\nКупить\n14 999 ₽\n15 999 ₽\n-6%\nNamida\nКолье двухуровневое с массивной вставкой в стиле \"барокко\"\nonesize\nКупить\n1 999 ₽\nLilly Bennet\nLilly Bennet Блузка\n52\n54\nКупить\n3 999 ₽\n7 999 ₽\n-50%\nArvino\nКольцо с вставкой ромбовидной формы из бирюзы\n18\nКупить\n12 999 ₽\nEdelZeit\nEdelzeit Покрывало Горностай\nКупить\n7 999 ₽\n18 999 ₽\n-57%\nSteve Madden\nТуфли\n38\n40\n41\nКупить\n1 299 ₽\n3 999 ₽\n-67%\nMikronesse\nMikronesse Декоративные чехлы на подушку Цветущие бутоны\nКупить\n1 799 ₽\n5 999 ₽\n-70%\nClever\nClever Надувной лежак 2 шт.\n200*70*50см\nКупить\n399 ₽\n1 299 ₽\n-69%\nClever\nClever Подушка для сидения Дольче Вита\nКупить\n1 699 ₽\n3 499 ₽\n-51%\nClever\nClever Этажерка угловая на колесиках\nКупить\n7 999 ₽\n18 999 ₽\n-57%\nSteve Madden\nТуфли\n38\n39\n40\n41\nКупить\n2 999 ₽\n6 999 ₽\n-57%\nFresh Jewelry\nСерьги звездообразной формы с двумя видами покрытия\"\nScreenshot: file:/home/runner/work/Shopping/Shopping/build/reports/tests/1689864955018.1.png\nPage source: file:/home/runner/work/Shopping/Shopping/build/reports/tests/1689864955018.1.html\nTimeout: 30 s.","time":{"start":1689864916919,"stop":1689864956446,"duration":39527}},{"uid":"2473238110387d4","reportUrl":"https://IIep4er.github.io/Shopping/50//#testresult/2473238110387d4","status":"passed","time":{"start":1689581599825,"stop":1689581610175,"duration":10350}},{"uid":"8f59ab1374ef3417","reportUrl":"https://IIep4er.github.io/Shopping/49//#testresult/8f59ab1374ef3417","status":"failed","statusDetails":"Element should have text \"Ботинки\" {div.digi-products-grid_horde}\nElement: '<div class=\"digi-products-grid digi-products-grid_horde\">Купить\n1 199 ₽\nPassegiata\nТекстильная брошь в форме цветка\nединыйразмер\nКупить\n3 999 ₽\nAlice Pi\nфутболка\n10/140\n12/152\n14/164\n4/104\n6/116\n8/128\nКупить\n1 199 ₽\nPassegiata\nТекстильная брошь в форме цветка\nединыйразмер\nКупить\n4 999 ₽\n6 999 ₽\n-28%\nNominee\nБлузка\n42\n44\n46\n48\n50\n52\n54\n56\n58\n60\nКупить\n4 999 ₽\n6 999 ₽\n-28%\nNominee\nЮбка\n42\n44\n46\n48\n50\n52\n54\n56\n58\nКупить\n4 999 ₽\n6 999 ₽\n-28%\nNominee\nЮбка\n42\n48\n50\n52\n54\n56\n58\n60\nКупить\n6 999 ₽\n7 999 ₽\n-12%\nBarbara Lebek\nBarbara Lebek юбка\n52\n54\nКупить\n3 999 ₽\n4 999 ₽\n-20%\nNominee\nЮбка\n42\n44\n46\n48\n50\n52\n54\n56\nКупить\n3 999 ₽\n4 999 ₽\n-20%\nNominee\nЮбка\n48\n50\n52\n54\n56\n58\nКупить\n1 199 ₽\nPassegiata\nТекстильная брошь в форме цветка\nединыйразмер\nКупить\n1 199 ₽\nPassegiata\nТекстильная брошь в форме цветка\nединыйразмер\nКупить\n1 199 ₽\nPassegiata\nТекстильная брошь в форме цветка\nединыйразмер\nКупить\n1 199 ₽\nPassegiata\nТекстильная брошь в форме цветка\nединыйразмер\nКупить\n1 199 ₽\nPassegiata\nТекстильная брошь в форме цветка\nединыйразмер\nКупить\n1 199 ₽\nPassegiata\nТекстильная брошь в форме цветка\nединыйразмер\nКупить\n1 199 ₽\nPassegiata\nТекстильная брошь в форме цветка\nединыйразмер\nКупить\n6 999 ₽\n8 999 ₽\n-22%\nBulmer\nШорты прямого кроя\n44\n46\n48\n50\n52\n54\nКупить\n4 999 ₽\n6 999 ₽\n-28%\nNominee\nБлузка\n46\n48\n50\n52\n54\n56\n58\nКупить\n1 199 ₽\nPassegiata\nТекстильная брошь в форме цветка\nединыйразмер\nКупить\n1 199 ₽\nPassegiata\nТекстильная брошь в форме цветка\nединыйразмер</div>'\nActual value: text=\"Купить\n1 199 ₽\nPassegiata\nТекстильная брошь в форме цветка\nединыйразмер\nКупить\n3 999 ₽\nAlice Pi\nфутболка\n10/140\n12/152\n14/164\n4/104\n6/116\n8/128\nКупить\n1 199 ₽\nPassegiata\nТекстильная брошь в форме цветка\nединыйразмер\nКупить\n4 999 ₽\n6 999 ₽\n-28%\nNominee\nБлузка\n42\n44\n46\n48\n50\n52\n54\n56\n58\n60\nКупить\n4 999 ₽\n6 999 ₽\n-28%\nNominee\nЮбка\n42\n44\n46\n48\n50\n52\n54\n56\n58\nКупить\n4 999 ₽\n6 999 ₽\n-28%\nNominee\nЮбка\n42\n48\n50\n52\n54\n56\n58\n60\nКупить\n6 999 ₽\n7 999 ₽\n-12%\nBarbara Lebek\nBarbara Lebek юбка\n52\n54\nКупить\n3 999 ₽\n4 999 ₽\n-20%\nNominee\nЮбка\n42\n44\n46\n48\n50\n52\n54\n56\nКупить\n3 999 ₽\n4 999 ₽\n-20%\nNominee\nЮбка\n48\n50\n52\n54\n56\n58\nКупить\n1 199 ₽\nPassegiata\nТекстильная брошь в форме цветка\nединыйразмер\nКупить\n1 199 ₽\nPassegiata\nТекстильная брошь в форме цветка\nединыйразмер\nКупить\n1 199 ₽\nPassegiata\nТекстильная брошь в форме цветка\nединыйразмер\nКупить\n1 199 ₽\nPassegiata\nТекстильная брошь в форме цветка\nединыйразмер\nКупить\n1 199 ₽\nPassegiata\nТекстильная брошь в форме цветка\nединыйразмер\nКупить\n1 199 ₽\nPassegiata\nТекстильная брошь в форме цветка\nединыйразмер\nКупить\n1 199 ₽\nPassegiata\nТекстильная брошь в форме цветка\nединыйразмер\nКупить\n6 999 ₽\n8 999 ₽\n-22%\nBulmer\nШорты прямого кроя\n44\n46\n48\n50\n52\n54\nКупить\n4 999 ₽\n6 999 ₽\n-28%\nNominee\nБлузка\n46\n48\n50\n52\n54\n56\n58\nКупить\n1 199 ₽\nPassegiata\nТекстильная брошь в форме цветка\nединыйразмер\nКупить\n1 199 ₽\nPassegiata\nТекстильная брошь в форме цветка\nединыйразмер\"\nScreenshot: file:/home/runner/work/Shopping/Shopping/build/reports/tests/1689435951667.3.png\nPage source: file:/home/runner/work/Shopping/Shopping/build/reports/tests/1689435951667.3.html\nTimeout: 30 s.","time":{"start":1689435911376,"stop":1689435954423,"duration":43047}},{"uid":"6af117abf21bfcd9","reportUrl":"https://IIep4er.github.io/Shopping/48//#testresult/6af117abf21bfcd9","status":"failed","statusDetails":"Element should have text \"Ботинки\" {div.digi-products-grid_horde}\nElement: '<div class=\"digi-products-grid digi-products-grid_horde\">Купить\n1 199 ₽\nPassegiata\nТекстильная брошь в форме цветка\nединыйразмер\nКупить\n3 999 ₽\nAlice Pi\nфутболка\n10/140\n12/152\n14/164\n4/104\n6/116\n8/128\nКупить\n1 199 ₽\nPassegiata\nТекстильная брошь в форме цветка\nединыйразмер\nКупить\n4 999 ₽\n6 999 ₽\n-28%\nNominee\nБлузка\n42\n44\n46\n48\n50\n52\n54\n56\n58\n60\nКупить\n4 999 ₽\n6 999 ₽\n-28%\nNominee\nЮбка\n42\n44\n46\n48\n50\n52\n54\n56\n58\nКупить\n4 999 ₽\n6 999 ₽\n-28%\nNominee\nЮбка\n42\n48\n50\n52\n54\n56\n58\n60\nКупить\n6 999 ₽\n7 999 ₽\n-12%\nBarbara Lebek\nBarbara Lebek юбка\n52\n54\nКупить\n3 999 ₽\n4 999 ₽\n-20%\nNominee\nЮбка\n42\n44\n46\n48\n50\n52\n54\n56\nКупить\n3 999 ₽\n4 999 ₽\n-20%\nNominee\nЮбка\n48\n50\n52\n54\n56\n58\nКупить\n1 199 ₽\nPassegiata\nТекстильная брошь в форме цветка\nединыйразмер\nКупить\n1 199 ₽\nPassegiata\nТекстильная брошь в форме цветка\nединыйразмер\nКупить\n1 199 ₽\nPassegiata\nТекстильная брошь в форме цветка\nединыйразмер\nКупить\n1 199 ₽\nPassegiata\nТекстильная брошь в форме цветка\nединыйразмер\nКупить\n1 199 ₽\nPassegiata\nТекстильная брошь в форме цветка\nединыйразмер\nКупить\n1 199 ₽\nPassegiata\nТекстильная брошь в форме цветка\nединыйразмер\nКупить\n1 199 ₽\nPassegiata\nТекстильная брошь в форме цветка\nединыйразмер\nКупить\n6 999 ₽\n8 999 ₽\n-22%\nBulmer\nШорты прямого кроя\n44\n46\n48\n50\n52\n54\nКупить\n4 999 ₽\n6 999 ₽\n-28%\nNominee\nБлузка\n46\n48\n50\n52\n54\n56\n58\nКупить\n1 199 ₽\nPassegiata\nТекстильная брошь в форме цветка\nединыйразмер\nКупить\n1 199 ₽\nPassegiata\nТекстильная брошь в форме цветка\nединыйразмер</div>'\nActual value: text=\"Купить\n1 199 ₽\nPassegiata\nТекстильная брошь в форме цветка\nединыйразмер\nКупить\n3 999 ₽\nAlice Pi\nфутболка\n10/140\n12/152\n14/164\n4/104\n6/116\n8/128\nКупить\n1 199 ₽\nPassegiata\nТекстильная брошь в форме цветка\nединыйразмер\nКупить\n4 999 ₽\n6 999 ₽\n-28%\nNominee\nБлузка\n42\n44\n46\n48\n50\n52\n54\n56\n58\n60\nКупить\n4 999 ₽\n6 999 ₽\n-28%\nNominee\nЮбка\n42\n44\n46\n48\n50\n52\n54\n56\n58\nКупить\n4 999 ₽\n6 999 ₽\n-28%\nNominee\nЮбка\n42\n48\n50\n52\n54\n56\n58\n60\nКупить\n6 999 ₽\n7 999 ₽\n-12%\nBarbara Lebek\nBarbara Lebek юбка\n52\n54\nКупить\n3 999 ₽\n4 999 ₽\n-20%\nNominee\nЮбка\n42\n44\n46\n48\n50\n52\n54\n56\nКупить\n3 999 ₽\n4 999 ₽\n-20%\nNominee\nЮбка\n48\n50\n52\n54\n56\n58\nКупить\n1 199 ₽\nPassegiata\nТекстильная брошь в форме цветка\nединыйразмер\nКупить\n1 199 ₽\nPassegiata\nТекстильная брошь в форме цветка\nединыйразмер\nКупить\n1 199 ₽\nPassegiata\nТекстильная брошь в форме цветка\nединыйразмер\nКупить\n1 199 ₽\nPassegiata\nТекстильная брошь в форме цветка\nединыйразмер\nКупить\n1 199 ₽\nPassegiata\nТекстильная брошь в форме цветка\nединыйразмер\nКупить\n1 199 ₽\nPassegiata\nТекстильная брошь в форме цветка\nединыйразмер\nКупить\n1 199 ₽\nPassegiata\nТекстильная брошь в форме цветка\nединыйразмер\nКупить\n6 999 ₽\n8 999 ₽\n-22%\nBulmer\nШорты прямого кроя\n44\n46\n48\n50\n52\n54\nКупить\n4 999 ₽\n6 999 ₽\n-28%\nNominee\nБлузка\n46\n48\n50\n52\n54\n56\n58\nКупить\n1 199 ₽\nPassegiata\nТекстильная брошь в форме цветка\nединыйразмер\nКупить\n1 199 ₽\nPassegiata\nТекстильная брошь в форме цветка\nединыйразмер\"\nScreenshot: file:/home/runner/work/Shopping/Shopping/build/reports/tests/1689435458080.2.png\nPage source: file:/home/runner/work/Shopping/Shopping/build/reports/tests/1689435458080.2.html\nTimeout: 30 s.","time":{"start":1689435417606,"stop":1689435460775,"duration":43169}},{"uid":"fe6c0ac880340d54","reportUrl":"https://IIep4er.github.io/Shopping/47//#testresult/fe6c0ac880340d54","status":"failed","statusDetails":"Element should have text \"Ботинки\" {div.digi-products-grid_horde}\nElement: '<div class=\"digi-products-grid digi-products-grid_horde\">Купить\n1 199 ₽\nPassegiata\nТекстильная брошь в форме цветка\nединыйразмер\nКупить\n3 999 ₽\nAlice Pi\nфутболка\n10/140\n12/152\n14/164\n4/104\n6/116\n8/128\nКупить\n1 199 ₽\nPassegiata\nТекстильная брошь в форме цветка\nединыйразмер\nКупить\n4 999 ₽\n6 999 ₽\n-28%\nNominee\nБлузка\n42\n44\n46\n48\n50\n52\n54\n56\n58\n60\nКупить\n4 999 ₽\n6 999 ₽\n-28%\nNominee\nЮбка\n42\n44\n46\n48\n50\n52\n54\n56\n58\nКупить\n4 999 ₽\n6 999 ₽\n-28%\nNominee\nЮбка\n42\n48\n50\n52\n54\n56\n58\n60\nКупить\n6 999 ₽\n7 999 ₽\n-12%\nBarbara Lebek\nBarbara Lebek юбка\n52\n54\nКупить\n3 999 ₽\n4 999 ₽\n-20%\nNominee\nЮбка\n42\n44\n46\n48\n50\n52\n54\n56\nКупить\n3 999 ₽\n4 999 ₽\n-20%\nNominee\nЮбка\n48\n50\n52\n54\n56\n58\nКупить\n1 199 ₽\nPassegiata\nТекстильная брошь в форме цветка\nединыйразмер\nКупить\n1 199 ₽\nPassegiata\nТекстильная брошь в форме цветка\nединыйразмер\nКупить\n1 199 ₽\nPassegiata\nТекстильная брошь в форме цветка\nединыйразмер\nКупить\n1 199 ₽\nPassegiata\nТекстильная брошь в форме цветка\nединыйразмер\nКупить\n1 199 ₽\nPassegiata\nТекстильная брошь в форме цветка\nединыйразмер\nКупить\n1 199 ₽\nPassegiata\nТекстильная брошь в форме цветка\nединыйразмер\nКупить\n1 199 ₽\nPassegiata\nТекстильная брошь в форме цветка\nединыйразмер\nКупить\n6 999 ₽\n8 999 ₽\n-22%\nBulmer\nШорты прямого кроя\n44\n46\n48\n50\n52\n54\nКупить\n4 999 ₽\n6 999 ₽\n-28%\nNominee\nБлузка\n46\n48\n50\n52\n54\n56\n58\nКупить\n1 199 ₽\nPassegiata\nТекстильная брошь в форме цветка\nединыйразмер\nКупить\n1 199 ₽\nPassegiata\nТекстильная брошь в форме цветка\nединыйразмер</div>'\nActual value: text=\"Купить\n1 199 ₽\nPassegiata\nТекстильная брошь в форме цветка\nединыйразмер\nКупить\n3 999 ₽\nAlice Pi\nфутболка\n10/140\n12/152\n14/164\n4/104\n6/116\n8/128\nКупить\n1 199 ₽\nPassegiata\nТекстильная брошь в форме цветка\nединыйразмер\nКупить\n4 999 ₽\n6 999 ₽\n-28%\nNominee\nБлузка\n42\n44\n46\n48\n50\n52\n54\n56\n58\n60\nКупить\n4 999 ₽\n6 999 ₽\n-28%\nNominee\nЮбка\n42\n44\n46\n48\n50\n52\n54\n56\n58\nКупить\n4 999 ₽\n6 999 ₽\n-28%\nNominee\nЮбка\n42\n48\n50\n52\n54\n56\n58\n60\nКупить\n6 999 ₽\n7 999 ₽\n-12%\nBarbara Lebek\nBarbara Lebek юбка\n52\n54\nКупить\n3 999 ₽\n4 999 ₽\n-20%\nNominee\nЮбка\n42\n44\n46\n48\n50\n52\n54\n56\nКупить\n3 999 ₽\n4 999 ₽\n-20%\nNominee\nЮбка\n48\n50\n52\n54\n56\n58\nКупить\n1 199 ₽\nPassegiata\nТекстильная брошь в форме цветка\nединыйразмер\nКупить\n1 199 ₽\nPassegiata\nТекстильная брошь в форме цветка\nединыйразмер\nКупить\n1 199 ₽\nPassegiata\nТекстильная брошь в форме цветка\nединыйразмер\nКупить\n1 199 ₽\nPassegiata\nТекстильная брошь в форме цветка\nединыйразмер\nКупить\n1 199 ₽\nPassegiata\nТекстильная брошь в форме цветка\nединыйразмер\nКупить\n1 199 ₽\nPassegiata\nТекстильная брошь в форме цветка\nединыйразмер\nКупить\n1 199 ₽\nPassegiata\nТекстильная брошь в форме цветка\nединыйразмер\nКупить\n6 999 ₽\n8 999 ₽\n-22%\nBulmer\nШорты прямого кроя\n44\n46\n48\n50\n52\n54\nКупить\n4 999 ₽\n6 999 ₽\n-28%\nNominee\nБлузка\n46\n48\n50\n52\n54\n56\n58\nКупить\n1 199 ₽\nPassegiata\nТекстильная брошь в форме цветка\nединыйразмер\nКупить\n1 199 ₽\nPassegiata\nТекстильная брошь в форме цветка\nединыйразмер\"\nScreenshot: file:/home/runner/work/Shopping/Shopping/build/reports/tests/1689435088617.3.png\nPage source: file:/home/runner/work/Shopping/Shopping/build/reports/tests/1689435088617.3.html\nTimeout: 10 s.","time":{"start":1689435067757,"stop":1689435091911,"duration":24154}},{"uid":"27a8e60a35165d54","reportUrl":"https://IIep4er.github.io/Shopping/46//#testresult/27a8e60a35165d54","status":"failed","statusDetails":"Element should have text \"Ботинки\" {div.digi-products-grid_horde}\nElement: '<div class=\"digi-products-grid digi-products-grid_horde\">Купить\n1 199 ₽\nPassegiata\nТекстильная брошь в форме цветка\nединыйразмер\nКупить\n3 999 ₽\nAlice Pi\nфутболка\n10/140\n12/152\n14/164\n4/104\n6/116\n8/128\nКупить\n1 199 ₽\nPassegiata\nТекстильная брошь в форме цветка\nединыйразмер\nКупить\n4 999 ₽\n6 999 ₽\n-28%\nNominee\nБлузка\n42\n44\n46\n48\n50\n52\n54\n56\n58\n60\nКупить\n4 999 ₽\n6 999 ₽\n-28%\nNominee\nЮбка\n42\n44\n46\n48\n50\n52\n54\n56\n58\nКупить\n4 999 ₽\n6 999 ₽\n-28%\nNominee\nЮбка\n42\n48\n50\n52\n54\n56\n58\n60\nКупить\n6 999 ₽\n7 999 ₽\n-12%\nBarbara Lebek\nBarbara Lebek юбка\n52\n54\nКупить\n3 999 ₽\n4 999 ₽\n-20%\nNominee\nЮбка\n42\n44\n46\n48\n50\n52\n54\n56\nКупить\n3 999 ₽\n4 999 ₽\n-20%\nNominee\nЮбка\n48\n50\n52\n54\n56\n58\nКупить\n1 199 ₽\nPassegiata\nТекстильная брошь в форме цветка\nединыйразмер\nКупить\n1 199 ₽\nPassegiata\nТекстильная брошь в форме цветка\nединыйразмер\nКупить\n1 199 ₽\nPassegiata\nТекстильная брошь в форме цветка\nединыйразмер\nКупить\n1 199 ₽\nPassegiata\nТекстильная брошь в форме цветка\nединыйразмер\nКупить\n1 199 ₽\nPassegiata\nТекстильная брошь в форме цветка\nединыйразмер\nКупить\n1 199 ₽\nPassegiata\nТекстильная брошь в форме цветка\nединыйразмер\nКупить\n1 199 ₽\nPassegiata\nТекстильная брошь в форме цветка\nединыйразмер\nКупить\n6 999 ₽\n8 999 ₽\n-22%\nBulmer\nШорты прямого кроя\n44\n46\n48\n50\n52\n54\nКупить\n4 999 ₽\n6 999 ₽\n-28%\nNominee\nБлузка\n46\n48\n50\n52\n54\n56\n58\nКупить\n1 199 ₽\nPassegiata\nТекстильная брошь в форме цветка\nединыйразмер\nКупить\n1 199 ₽\nPassegiata\nТекстильная брошь в форме цветка\nединыйразмер</div>'\nActual value: text=\"Купить\n1 199 ₽\nPassegiata\nТекстильная брошь в форме цветка\nединыйразмер\nКупить\n3 999 ₽\nAlice Pi\nфутболка\n10/140\n12/152\n14/164\n4/104\n6/116\n8/128\nКупить\n1 199 ₽\nPassegiata\nТекстильная брошь в форме цветка\nединыйразмер\nКупить\n4 999 ₽\n6 999 ₽\n-28%\nNominee\nБлузка\n42\n44\n46\n48\n50\n52\n54\n56\n58\n60\nКупить\n4 999 ₽\n6 999 ₽\n-28%\nNominee\nЮбка\n42\n44\n46\n48\n50\n52\n54\n56\n58\nКупить\n4 999 ₽\n6 999 ₽\n-28%\nNominee\nЮбка\n42\n48\n50\n52\n54\n56\n58\n60\nКупить\n6 999 ₽\n7 999 ₽\n-12%\nBarbara Lebek\nBarbara Lebek юбка\n52\n54\nКупить\n3 999 ₽\n4 999 ₽\n-20%\nNominee\nЮбка\n42\n44\n46\n48\n50\n52\n54\n56\nКупить\n3 999 ₽\n4 999 ₽\n-20%\nNominee\nЮбка\n48\n50\n52\n54\n56\n58\nКупить\n1 199 ₽\nPassegiata\nТекстильная брошь в форме цветка\nединыйразмер\nКупить\n1 199 ₽\nPassegiata\nТекстильная брошь в форме цветка\nединыйразмер\nКупить\n1 199 ₽\nPassegiata\nТекстильная брошь в форме цветка\nединыйразмер\nКупить\n1 199 ₽\nPassegiata\nТекстильная брошь в форме цветка\nединыйразмер\nКупить\n1 199 ₽\nPassegiata\nТекстильная брошь в форме цветка\nединыйразмер\nКупить\n1 199 ₽\nPassegiata\nТекстильная брошь в форме цветка\nединыйразмер\nКупить\n1 199 ₽\nPassegiata\nТекстильная брошь в форме цветка\nединыйразмер\nКупить\n6 999 ₽\n8 999 ₽\n-22%\nBulmer\nШорты прямого кроя\n44\n46\n48\n50\n52\n54\nКупить\n4 999 ₽\n6 999 ₽\n-28%\nNominee\nБлузка\n46\n48\n50\n52\n54\n56\n58\nКупить\n1 199 ₽\nPassegiata\nТекстильная брошь в форме цветка\nединыйразмер\nКупить\n1 199 ₽\nPassegiata\nТекстильная брошь в форме цветка\nединыйразмер\"\nScreenshot: file:/home/runner/work/Shopping/Shopping/build/reports/tests/1689433449691.3.png\nPage source: file:/home/runner/work/Shopping/Shopping/build/reports/tests/1689433449691.3.html\nTimeout: 10 s.","time":{"start":1689433429415,"stop":1689433452512,"duration":23097}},{"uid":"4d9f548065993037","reportUrl":"https://IIep4er.github.io/Shopping/45//#testresult/4d9f548065993037","status":"failed","statusDetails":"Element should have text \"Ботинки\" {div.digi-products-grid_horde}\nElement: '<div class=\"digi-products-grid digi-products-grid_horde\">Купить\n1 199 ₽\nPassegiata\nТекстильная брошь в форме цветка\nединыйразмер\nКупить\n3 999 ₽\nAlice Pi\nфутболка\n10/140\n12/152\n14/164\n4/104\n6/116\n8/128\nКупить\n1 199 ₽\nPassegiata\nТекстильная брошь в форме цветка\nединыйразмер\nКупить\n4 999 ₽\n6 999 ₽\n-28%\nNominee\nБлузка\n42\n44\n46\n48\n50\n52\n54\n56\n58\n60\nКупить\n4 999 ₽\n6 999 ₽\n-28%\nNominee\nЮбка\n42\n44\n46\n48\n50\n52\n54\n56\n58\nКупить\n4 999 ₽\n6 999 ₽\n-28%\nNominee\nЮбка\n42\n48\n50\n52\n54\n56\n58\n60\nКупить\n6 999 ₽\n7 999 ₽\n-12%\nBarbara Lebek\nBarbara Lebek юбка\n52\n54\nКупить\n3 999 ₽\n4 999 ₽\n-20%\nNominee\nЮбка\n42\n44\n46\n48\n50\n52\n54\n56\nКупить\n3 999 ₽\n4 999 ₽\n-20%\nNominee\nЮбка\n48\n50\n52\n54\n56\n58\nКупить\n1 199 ₽\nPassegiata\nТекстильная брошь в форме цветка\nединыйразмер\nКупить\n1 199 ₽\nPassegiata\nТекстильная брошь в форме цветка\nединыйразмер\nКупить\n1 199 ₽\nPassegiata\nТекстильная брошь в форме цветка\nединыйразмер\nКупить\n1 199 ₽\nPassegiata\nТекстильная брошь в форме цветка\nединыйразмер\nКупить\n1 199 ₽\nPassegiata\nТекстильная брошь в форме цветка\nединыйразмер\nКупить\n1 199 ₽\nPassegiata\nТекстильная брошь в форме цветка\nединыйразмер\nКупить\n1 199 ₽\nPassegiata\nТекстильная брошь в форме цветка\nединыйразмер\nКупить\n6 999 ₽\n8 999 ₽\n-22%\nBulmer\nШорты прямого кроя\n44\n46\n48\n50\n52\n54\nКупить\n4 999 ₽\n6 999 ₽\n-28%\nNominee\nБлузка\n46\n48\n50\n52\n54\n56\n58\nКупить\n1 199 ₽\nPassegiata\nТекстильная брошь в форме цветка\nединыйразмер\nКупить\n1 199 ₽\nPassegiata\nТекстильная брошь в форме цветка\nединыйразмер</div>'\nActual value: text=\"Купить\n1 199 ₽\nPassegiata\nТекстильная брошь в форме цветка\nединыйразмер\nКупить\n3 999 ₽\nAlice Pi\nфутболка\n10/140\n12/152\n14/164\n4/104\n6/116\n8/128\nКупить\n1 199 ₽\nPassegiata\nТекстильная брошь в форме цветка\nединыйразмер\nКупить\n4 999 ₽\n6 999 ₽\n-28%\nNominee\nБлузка\n42\n44\n46\n48\n50\n52\n54\n56\n58\n60\nКупить\n4 999 ₽\n6 999 ₽\n-28%\nNominee\nЮбка\n42\n44\n46\n48\n50\n52\n54\n56\n58\nКупить\n4 999 ₽\n6 999 ₽\n-28%\nNominee\nЮбка\n42\n48\n50\n52\n54\n56\n58\n60\nКупить\n6 999 ₽\n7 999 ₽\n-12%\nBarbara Lebek\nBarbara Lebek юбка\n52\n54\nКупить\n3 999 ₽\n4 999 ₽\n-20%\nNominee\nЮбка\n42\n44\n46\n48\n50\n52\n54\n56\nКупить\n3 999 ₽\n4 999 ₽\n-20%\nNominee\nЮбка\n48\n50\n52\n54\n56\n58\nКупить\n1 199 ₽\nPassegiata\nТекстильная брошь в форме цветка\nединыйразмер\nКупить\n1 199 ₽\nPassegiata\nТекстильная брошь в форме цветка\nединыйразмер\nКупить\n1 199 ₽\nPassegiata\nТекстильная брошь в форме цветка\nединыйразмер\nКупить\n1 199 ₽\nPassegiata\nТекстильная брошь в форме цветка\nединыйразмер\nКупить\n1 199 ₽\nPassegiata\nТекстильная брошь в форме цветка\nединыйразмер\nКупить\n1 199 ₽\nPassegiata\nТекстильная брошь в форме цветка\nединыйразмер\nКупить\n1 199 ₽\nPassegiata\nТекстильная брошь в форме цветка\nединыйразмер\nКупить\n6 999 ₽\n8 999 ₽\n-22%\nBulmer\nШорты прямого кроя\n44\n46\n48\n50\n52\n54\nКупить\n4 999 ₽\n6 999 ₽\n-28%\nNominee\nБлузка\n46\n48\n50\n52\n54\n56\n58\nКупить\n1 199 ₽\nPassegiata\nТекстильная брошь в форме цветка\nединыйразмер\nКупить\n1 199 ₽\nPassegiata\nТекстильная брошь в форме цветка\nединыйразмер\"\nScreenshot: file:/home/runner/work/Shopping/Shopping/build/reports/tests/1689432836139.1.png\nPage source: file:/home/runner/work/Shopping/Shopping/build/reports/tests/1689432836139.1.html\nTimeout: 10 s.","time":{"start":1689432819761,"stop":1689432839505,"duration":19744}},{"uid":"3432aa225337a24","reportUrl":"https://IIep4er.github.io/Shopping/44//#testresult/3432aa225337a24","status":"failed","statusDetails":"Element should have text \"Ботинки\" {div.digi-products-grid_horde}\nElement: '<div class=\"digi-products-grid digi-products-grid_horde\">Купить\n1 199 ₽\nPassegiata\nТекстильная брошь в форме цветка\nединыйразмер\nКупить\n3 999 ₽\nAlice Pi\nфутболка\n10/140\n12/152\n14/164\n4/104\n6/116\n8/128\nКупить\n1 199 ₽\nPassegiata\nТекстильная брошь в форме цветка\nединыйразмер\nКупить\n4 999 ₽\n6 999 ₽\n-28%\nNominee\nБлузка\n42\n44\n46\n48\n50\n52\n54\n56\n58\n60\nКупить\n4 999 ₽\n6 999 ₽\n-28%\nNominee\nЮбка\n42\n44\n46\n48\n50\n52\n54\n56\n58\nКупить\n4 999 ₽\n6 999 ₽\n-28%\nNominee\nЮбка\n42\n48\n50\n52\n54\n56\n58\n60\nКупить\n6 999 ₽\n7 999 ₽\n-12%\nBarbara Lebek\nBarbara Lebek юбка\n52\n54\nКупить\n3 999 ₽\n4 999 ₽\n-20%\nNominee\nЮбка\n42\n44\n46\n48\n50\n52\n54\n56\nКупить\n3 999 ₽\n4 999 ₽\n-20%\nNominee\nЮбка\n48\n50\n52\n54\n56\n58\nКупить\n1 199 ₽\nPassegiata\nТекстильная брошь в форме цветка\nединыйразмер\nКупить\n1 199 ₽\nPassegiata\nТекстильная брошь в форме цветка\nединыйразмер\nКупить\n1 199 ₽\nPassegiata\nТекстильная брошь в форме цветка\nединыйразмер\nКупить\n1 199 ₽\nPassegiata\nТекстильная брошь в форме цветка\nединыйразмер\nКупить\n1 199 ₽\nPassegiata\nТекстильная брошь в форме цветка\nединыйразмер\nКупить\n1 199 ₽\nPassegiata\nТекстильная брошь в форме цветка\nединыйразмер\nКупить\n1 199 ₽\nPassegiata\nТекстильная брошь в форме цветка\nединыйразмер\nКупить\n6 999 ₽\n8 999 ₽\n-22%\nBulmer\nШорты прямого кроя\n44\n46\n48\n50\n52\n54\nКупить\n4 999 ₽\n6 999 ₽\n-28%\nNominee\nБлузка\n46\n48\n50\n52\n54\n56\n58\nКупить\n1 199 ₽\nPassegiata\nТекстильная брошь в форме цветка\nединыйразмер\nКупить\n1 199 ₽\nPassegiata\nТекстильная брошь в форме цветка\nединыйразмер</div>'\nActual value: text=\"Купить\n1 199 ₽\nPassegiata\nТекстильная брошь в форме цветка\nединыйразмер\nКупить\n3 999 ₽\nAlice Pi\nфутболка\n10/140\n12/152\n14/164\n4/104\n6/116\n8/128\nКупить\n1 199 ₽\nPassegiata\nТекстильная брошь в форме цветка\nединыйразмер\nКупить\n4 999 ₽\n6 999 ₽\n-28%\nNominee\nБлузка\n42\n44\n46\n48\n50\n52\n54\n56\n58\n60\nКупить\n4 999 ₽\n6 999 ₽\n-28%\nNominee\nЮбка\n42\n44\n46\n48\n50\n52\n54\n56\n58\nКупить\n4 999 ₽\n6 999 ₽\n-28%\nNominee\nЮбка\n42\n48\n50\n52\n54\n56\n58\n60\nКупить\n6 999 ₽\n7 999 ₽\n-12%\nBarbara Lebek\nBarbara Lebek юбка\n52\n54\nКупить\n3 999 ₽\n4 999 ₽\n-20%\nNominee\nЮбка\n42\n44\n46\n48\n50\n52\n54\n56\nКупить\n3 999 ₽\n4 999 ₽\n-20%\nNominee\nЮбка\n48\n50\n52\n54\n56\n58\nКупить\n1 199 ₽\nPassegiata\nТекстильная брошь в форме цветка\nединыйразмер\nКупить\n1 199 ₽\nPassegiata\nТекстильная брошь в форме цветка\nединыйразмер\nКупить\n1 199 ₽\nPassegiata\nТекстильная брошь в форме цветка\nединыйразмер\nКупить\n1 199 ₽\nPassegiata\nТекстильная брошь в форме цветка\nединыйразмер\nКупить\n1 199 ₽\nPassegiata\nТекстильная брошь в форме цветка\nединыйразмер\nКупить\n1 199 ₽\nPassegiata\nТекстильная брошь в форме цветка\nединыйразмер\nКупить\n1 199 ₽\nPassegiata\nТекстильная брошь в форме цветка\nединыйразмер\nКупить\n6 999 ₽\n8 999 ₽\n-22%\nBulmer\nШорты прямого кроя\n44\n46\n48\n50\n52\n54\nКупить\n4 999 ₽\n6 999 ₽\n-28%\nNominee\nБлузка\n46\n48\n50\n52\n54\n56\n58\nКупить\n1 199 ₽\nPassegiata\nТекстильная брошь в форме цветка\nединыйразмер\nКупить\n1 199 ₽\nPassegiata\nТекстильная брошь в форме цветка\nединыйразмер\"\nScreenshot: file:/home/runner/work/Shopping/Shopping/build/reports/tests/1689431486310.1.png\nPage source: file:/home/runner/work/Shopping/Shopping/build/reports/tests/1689431486310.1.html\nTimeout: 10 s.","time":{"start":1689431467687,"stop":1689431488647,"duration":20960}},{"uid":"643cebc19c12b1a5","reportUrl":"https://IIep4er.github.io/Shopping/43//#testresult/643cebc19c12b1a5","status":"failed","statusDetails":"Element should have text \"Ботинки\" {div.digi-products-grid_horde}\nElement: '<div class=\"digi-products-grid digi-products-grid_horde\">Купить\n1 199 ₽\nPassegiata\nТекстильная брошь в форме цветка\nединыйразмер\nКупить\n3 999 ₽\nAlice Pi\nфутболка\n10/140\n12/152\n14/164\n4/104\n6/116\n8/128\nКупить\n1 199 ₽\nPassegiata\nТекстильная брошь в форме цветка\nединыйразмер\nКупить\n4 999 ₽\n6 999 ₽\n-28%\nNominee\nБлузка\n42\n44\n46\n48\n50\n52\n54\n56\n58\n60\nКупить\n4 999 ₽\n6 999 ₽\n-28%\nNominee\nЮбка\n42\n44\n46\n48\n50\n52\n54\n56\n58\nКупить\n4 999 ₽\n6 999 ₽\n-28%\nNominee\nЮбка\n42\n48\n50\n52\n54\n56\n58\n60\nКупить\n6 999 ₽\n7 999 ₽\n-12%\nBarbara Lebek\nBarbara Lebek юбка\n52\n54\nКупить\n3 999 ₽\n4 999 ₽\n-20%\nNominee\nЮбка\n42\n44\n46\n48\n50\n52\n54\n56\nКупить\n3 999 ₽\n4 999 ₽\n-20%\nNominee\nЮбка\n48\n50\n52\n54\n56\n58\nКупить\n1 199 ₽\nPassegiata\nТекстильная брошь в форме цветка\nединыйразмер\nКупить\n1 199 ₽\nPassegiata\nТекстильная брошь в форме цветка\nединыйразмер\nКупить\n1 199 ₽\nPassegiata\nТекстильная брошь в форме цветка\nединыйразмер\nКупить\n1 199 ₽\nPassegiata\nТекстильная брошь в форме цветка\nединыйразмер\nКупить\n1 199 ₽\nPassegiata\nТекстильная брошь в форме цветка\nединыйразмер\nКупить\n1 199 ₽\nPassegiata\nТекстильная брошь в форме цветка\nединыйразмер\nКупить\n1 199 ₽\nPassegiata\nТекстильная брошь в форме цветка\nединыйразмер\nКупить\n6 999 ₽\n8 999 ₽\n-22%\nBulmer\nШорты прямого кроя\n44\n46\n48\n50\n52\n54\nКупить\n4 999 ₽\n6 999 ₽\n-28%\nNominee\nБлузка\n46\n48\n50\n52\n54\n56\n58\nКупить\n1 199 ₽\nPassegiata\nТекстильная брошь в форме цветка\nединыйразмер\nКупить\n1 199 ₽\nPassegiata\nТекстильная брошь в форме цветка\nединыйразмер</div>'\nActual value: text=\"Купить\n1 199 ₽\nPassegiata\nТекстильная брошь в форме цветка\nединыйразмер\nКупить\n3 999 ₽\nAlice Pi\nфутболка\n10/140\n12/152\n14/164\n4/104\n6/116\n8/128\nКупить\n1 199 ₽\nPassegiata\nТекстильная брошь в форме цветка\nединыйразмер\nКупить\n4 999 ₽\n6 999 ₽\n-28%\nNominee\nБлузка\n42\n44\n46\n48\n50\n52\n54\n56\n58\n60\nКупить\n4 999 ₽\n6 999 ₽\n-28%\nNominee\nЮбка\n42\n44\n46\n48\n50\n52\n54\n56\n58\nКупить\n4 999 ₽\n6 999 ₽\n-28%\nNominee\nЮбка\n42\n48\n50\n52\n54\n56\n58\n60\nКупить\n6 999 ₽\n7 999 ₽\n-12%\nBarbara Lebek\nBarbara Lebek юбка\n52\n54\nКупить\n3 999 ₽\n4 999 ₽\n-20%\nNominee\nЮбка\n42\n44\n46\n48\n50\n52\n54\n56\nКупить\n3 999 ₽\n4 999 ₽\n-20%\nNominee\nЮбка\n48\n50\n52\n54\n56\n58\nКупить\n1 199 ₽\nPassegiata\nТекстильная брошь в форме цветка\nединыйразмер\nКупить\n1 199 ₽\nPassegiata\nТекстильная брошь в форме цветка\nединыйразмер\nКупить\n1 199 ₽\nPassegiata\nТекстильная брошь в форме цветка\nединыйразмер\nКупить\n1 199 ₽\nPassegiata\nТекстильная брошь в форме цветка\nединыйразмер\nКупить\n1 199 ₽\nPassegiata\nТекстильная брошь в форме цветка\nединыйразмер\nКупить\n1 199 ₽\nPassegiata\nТекстильная брошь в форме цветка\nединыйразмер\nКупить\n1 199 ₽\nPassegiata\nТекстильная брошь в форме цветка\nединыйразмер\nКупить\n6 999 ₽\n8 999 ₽\n-22%\nBulmer\nШорты прямого кроя\n44\n46\n48\n50\n52\n54\nКупить\n4 999 ₽\n6 999 ₽\n-28%\nNominee\nБлузка\n46\n48\n50\n52\n54\n56\n58\nКупить\n1 199 ₽\nPassegiata\nТекстильная брошь в форме цветка\nединыйразмер\nКупить\n1 199 ₽\nPassegiata\nТекстильная брошь в форме цветка\nединыйразмер\"\nScreenshot: file:/home/runner/work/Shopping/Shopping/build/reports/tests/1689408821191.2.png\nPage source: file:/home/runner/work/Shopping/Shopping/build/reports/tests/1689408821191.2.html\nTimeout: 10 s.","time":{"start":1689408805776,"stop":1689408823471,"duration":17695}},{"uid":"10c3a355c40c3bc2","reportUrl":"https://IIep4er.github.io/Shopping/42//#testresult/10c3a355c40c3bc2","status":"passed","time":{"start":1689275369543,"stop":1689275375410,"duration":5867}},{"uid":"b1ae75c3cc1d12b4","reportUrl":"https://IIep4er.github.io/Shopping/41//#testresult/b1ae75c3cc1d12b4","status":"passed","time":{"start":1689271717643,"stop":1689271723734,"duration":6091}},{"uid":"a2a898119a1d003c","reportUrl":"https://IIep4er.github.io/Shopping/40//#testresult/a2a898119a1d003c","status":"passed","time":{"start":1689271278375,"stop":1689271283949,"duration":5574}},{"uid":"45337c8c4a607b9f","reportUrl":"https://IIep4er.github.io/Shopping/39//#testresult/45337c8c4a607b9f","status":"passed","time":{"start":1689169997915,"stop":1689170005551,"duration":7636}},{"uid":"fbbccdf0b1f0fcd9","reportUrl":"https://IIep4er.github.io/Shopping/38//#testresult/fbbccdf0b1f0fcd9","status":"passed","time":{"start":1689169885173,"stop":1689169890428,"duration":5255}},{"uid":"30626e29f38d2ae","reportUrl":"https://IIep4er.github.io/Shopping/37//#testresult/30626e29f38d2ae","status":"passed","time":{"start":1689169115144,"stop":1689169121000,"duration":5856}},{"uid":"8cfdc2eb55bd22a8","reportUrl":"https://IIep4er.github.io/Shopping/36//#testresult/8cfdc2eb55bd22a8","status":"failed","statusDetails":"Element should be visible {div.digi-products-grid_horde}\nElement: '<div class=\"digi-products-grid digi-products-grid_horde\" displayed:false></div>'\nActual value: hidden\nScreenshot: file:/home/runner/work/Shopping/Shopping/build/reports/tests/1689167639562.3.png\nPage source: file:/home/runner/work/Shopping/Shopping/build/reports/tests/1689167639562.3.html\nTimeout: 10 s.","time":{"start":1689167625840,"stop":1689167640717,"duration":14877}},{"uid":"79a762aebdc02f29","reportUrl":"https://IIep4er.github.io/Shopping/35//#testresult/79a762aebdc02f29","status":"passed","time":{"start":1689107988344,"stop":1689107996962,"duration":8618}}]},"tags":["search","sanity"]},"source":"2ce387ce3e0e4967.json","parameterValues":["Бопинки","Ботинки"]}